20110701-14:43:26 ami_socket.c(275) delete tid 1309502584.1040
20110701-14:43:26 ami_socket.c(275) delete tid 1309502584.1039
20110701-14:44:04 ami_socket.c(81) 3 0 ANSWER Hangup 1309482222.946 NULL DAHDI/i3/000029490039224244-1dd 1309482223
20110701-14:44:04 ami_socket.c(81) 3 0 CANCEL Hangup 1309482297.948 NULL DAHDI/i3/000029490039224244-1de 1309482298
20110701-14:44:04 ami_socket.c(81) 1 0 NULL Hangup 1309482297.949 NULL DAHDI/i1/886917366492-dc 1309482298
20110701-14:44:04 ami_socket.c(81) 3 0 ANSWER Hangup 1309482337.950 NULL DAHDI/i3/000029490039224244-1df 1309482338
20110701-14:44:04 ami_socket.c(81) 1 0 NULL Hangup 1309482337.951 NULL DAHDI/i1/886982302352-dd 1309482339
20110701-14:44:04 ami_socket.c(81) 3 0 ANSWER Hangup 1309482339.952 NULL DAHDI/i3/000029490039224244-1e0 1309482341
20110701-14:44:04 ami_socket.c(81) 1 0 NULL Hangup 1309482340.953 NULL DAHDI/i1/886989590485-de 1309482341
20110701-14:44:04 ami_socket.c(81) 3 0 ANSWER Hangup 1309482380.954 NULL DAHDI/i3/000029490039224244-1e1 1309482382
20110701-14:44:04 ami_socket.c(81) 1 0 NULL Hangup 1309482380.955 NULL DAHDI/i1/886972286061-df 1309482382
20110701-14:44:04 ami_socket.c(81) 3 0 ANSWER Hangup 1309482403.956 NULL DAHDI/i3/000029490039224244-1e2 1309482405
20110701-14:44:04 ami_socket.c(81) 1 0 NULL Hangup 1309482403.957 NULL DAHDI/i1/886917366492-e0 1309482405
20110701-14:44:04 ami_socket.c(81) 3 0 ANSWER Hangup 1309482580.958 NULL DAHDI/i3/1001910330221921594-1e3 1309482582
20110701-14:44:04 ami_socket.c(81) 1 0 NULL Hangup 1309482583.959 NULL DAHDI/i1/88648531613-e1 1309482584
20110701-14:44:04 ami_socket.c(81) 3 0 ANSWER Hangup 1309482841.960 NULL DAHDI/i3/1001910330221921594-1e4 1309482843
20110701-14:44:04 ami_socket.c(81) 1 0 NULL Hangup 1309482844.961 NULL DAHDI/i1/88647622196-e2 1309482845
20110701-14:44:04 ami_socket.c(81) 3 0 CANCEL Hangup 1309483572.962 NULL DAHDI/i3/0000115340228368290-1e5 1309483574
20110701-14:44:04 ami_socket.c(81) 1 0 NULL Hangup 1309483572.963 NULL DAHDI/i1/886931286508-e3 1309483574
20110701-14:44:04 ami_socket.c(81) 3 0 CANCEL Hangup 1309483908.964 NULL DAHDI/i3/0000115340228368290-1e6 1309483909
20110701-14:44:04 ami_socket.c(81) 1 0 NULL Hangup 1309483908.965 NULL DAHDI/i1/886937876537-e4 1309483910
20110701-14:44:04 ami_socket.c(81) 3 0 ANSWER Hangup 1309485292.966 NULL DAHDI/i3/0000115340228368290-1e7 1309485294
20110701-14:44:04 ami_socket.c(81) 1 0 NULL Hangup 1309485292.967 NULL DAHDI/i1/886933879384-e5 1309485294
20110701-14:44:04 ami_socket.c(81) 3 0 CANCEL Hangup 1309485414.968 NULL DAHDI/i3/0000115340228368290-1e8 1309485415
20110701-14:44:04 ami_socket.c(81) 1 0 NULL Hangup 1309485414.969 NULL DAHDI/i1/886953188467-e6 1309485416
20110701-14:44:04 ami_socket.c(81) 3 0 ANSWER Hangup 1309485466.970 NULL DAHDI/i3/0000115340228368290-1e9 1309485468
20110701-14:44:04 ami_socket.c(81) 1 0 NULL Hangup 1309485466.971 NULL DAHDI/i1/886936207306-e7 1309485468
20110701-14:44:04 ami_socket.c(81) 3 0 ANSWER Hangup 1309488137.972 NULL DAHDI/i3/0000115340228368290-1ea 1309488138
20110701-14:44:04 ami_socket.c(81) 1 0 NULL Hangup 1309488137.973 NULL DAHDI/i1/886987455014-e8 1309488139
20110701-14:44:04 ami_socket.c(81) 3 0 CANCEL Hangup 1309489048.974 NULL DAHDI/i3/0000115340228368290-1eb 1309489049
20110701-14:44:04 ami_socket.c(81) 1 0 NULL Hangup 1309489048.975 NULL DAHDI/i1/886920326562-e9 1309489049
20110701-14:44:04 ami_socket.c(81) 3 0 ANSWER Hangup 1309489484.976 NULL DAHDI/i3/0000115340228368290-1ec 1309489486
20110701-14:44:04 ami_socket.c(81) 1 0 NULL Hangup 1309489484.977 NULL DAHDI/i1/886928983451-ea 1309489486
20110701-14:44:04 ami_socket.c(81) 3 0 ANSWER Hangup 1309489634.978 NULL DAHDI/i3/0000078270228772017-1ed 1309489636
20110701-14:44:04 ami_socket.c(81) 1 0 NULL Hangup 1309489634.979 NULL DAHDI/i1/886910247260-eb 1309489636
20110701-14:44:04 ami_socket.c(81) 3 0 CANCEL Hangup 1309490305.980 NULL DAHDI/i3/0000115340228368290-1ee 1309490307
20110701-14:44:04 ami_socket.c(81) 1 0 NULL Hangup 1309490305.981 NULL DAHDI/i1/886952453080-ec 1309490308
20110701-14:44:04 ami_socket.c(81) 3 0 ANSWER Hangup 1309490346.982 NULL DAHDI/i3/1003714080221921594-1ef 1309490348
20110701-14:44:04 ami_socket.c(81) 1 0 NULL Hangup 1309490349.983 NULL DAHDI/i1/886918971988-ed 1309490351
20110701-14:44:04 ami_socket.c(81) 3 0 ANSWER Hangup 1309490407.984 NULL DAHDI/i3/0000115340228368290-1f0 1309490409
20110701-14:44:04 ami_socket.c(81) 1 0 NULL Hangup 1309490407.985 NULL DAHDI/i1/886936367642-ee 1309490409
20110701-14:44:04 ami_socket.c(81) 3 0 ANSWER Hangup 1309490973.986 NULL DAHDI/i3/1001910330221921594-1f1 1309490975
20110701-14:44:04 ami_socket.c(81) 1 0 NULL Hangup 1309490976.987 NULL DAHDI/i1/13609775395-ef 1309490978
20110701-14:44:04 ami_socket.c(81) 3 0 ANSWER Hangup 1309491321.988 NULL DAHDI/i3/0000078270228772017-1f2 1309491323
20110701-14:44:04 ami_socket.c(81) 1 0 NULL Hangup 1309491321.989 NULL DAHDI/i1/88636562679-f0 1309491323
20110701-14:44:04 ami_socket.c(81) 3 0 CANCEL Hangup 1309491352.990 NULL DAHDI/i3/0000115340228368290-1f3 1309491354
20110701-14:44:04 ami_socket.c(81) 1 0 NULL Hangup 1309491352.991 NULL DAHDI/i1/886988869028-f1 1309491354
20110701-14:44:04 ami_socket.c(81) 3 0 ANSWER Hangup 1309492274.992 NULL DAHDI/i3/0000078270228772017-1f4 1309492276
20110701-14:44:04 ami_socket.c(81) 1 0 NULL Hangup 1309492274.993 NULL DAHDI/i1/88636562679-f2 1309492276
20110701-14:44:04 ami_socket.c(81) 3 0 ANSWER Hangup 1309492449.994 NULL DAHDI/i3/0000115340228368290-1f5 1309492451
20110701-14:44:05 ami_socket.c(478) shttpd started!
20110704-15:21:15 ami_socket.c(81) 3 0 ANSWER Hangup 1309588952.1340 NULL DAHDI/i3/0000115340228368290-2a5 1309588955
20110704-15:21:15 ami_socket.c(81) 1 0 NULL Hangup 1309588952.1341 NULL DAHDI/i1/886988340434-19d 1309588955
20110704-15:21:15 ami_socket.c(81) 3 0 CANCEL Hangup 1309588993.1342 NULL DAHDI/i3/0000115340228368290-2a6 1309588995
20110704-15:21:15 ami_socket.c(81) 1 0 NULL Hangup 1309588993.1343 NULL DAHDI/i1/886988299235-19e 1309588995
20110704-15:21:15 ami_socket.c(81) 3 0 ANSWER Hangup 1309589005.1344 NULL DAHDI/i3/0000115340228368290-2a7 1309589007
20110704-15:21:15 ami_socket.c(81) 1 0 NULL Hangup 1309589005.1345 NULL DAHDI/i1/886988288235-19f 1309589007
20110704-15:21:15 ami_socket.c(81) 3 0 ANSWER Hangup 1309589139.1346 NULL DAHDI/i3/0000115340228368290-2a8 1309589142
20110704-15:21:15 ami_socket.c(81) 1 0 NULL Hangup 1309589140.1347 NULL DAHDI/i1/886918997572-1a0 1309589142
20110704-15:21:15 ami_socket.c(81) 3 0 CANCEL Hangup 1309589519.1348 NULL DAHDI/i3/0000115340228368290-2a9 1309589521
20110704-15:21:15 ami_socket.c(81) 1 0 NULL Hangup 1309589519.1349 NULL DAHDI/i1/886983290994-1a1 1309589522
20110704-15:21:15 ami_socket.c(81) 3 0 CANCEL Hangup 1309589537.1350 NULL DAHDI/i3/0000115340228368290-2aa 1309589539
20110704-15:21:15 ami_socket.c(81) 1 0 NULL Hangup 1309589537.1351 NULL DAHDI/i1/886983290994-1a2 1309589539
20110704-15:21:15 ami_socket.c(81) 3 0 CANCEL Hangup 1309589651.1352 NULL DAHDI/i3/0000115340228368290-2ab 1309589654
20110704-15:21:15 ami_socket.c(81) 1 0 NULL Hangup 1309589652.1353 NULL DAHDI/i1/886939684879-1a3 1309589654
20110704-15:21:15 ami_socket.c(81) 3 0 ANSWER Hangup 1309589701.1354 NULL DAHDI/i3/0000115340228368290-2ac 1309589703
20110704-15:21:15 ami_socket.c(81) 1 0 NULL Hangup 1309589701.1355 NULL DAHDI/i1/886988140654-1a4 1309589703
20110704-15:21:15 ami_socket.c(81) 3 0 ANSWER Hangup 1309589782.1356 NULL DAHDI/i3/0000115340228368290-2ad 1309589784
20110704-15:21:15 ami_socket.c(81) 1 0 NULL Hangup 1309589782.1357 NULL DAHDI/i1/886922815567-1a5 1309589784
20110704-15:21:15 ami_socket.c(81) 3 0 NOANSWER Hangup 1309589813.1358 NULL DAHDI/i3/0000115340228368290-2ae 1309589815
20110704-15:21:15 ami_socket.c(81) 1 0 NULL Hangup 1309589813.1359 NULL DAHDI/i1/886987778662-1a6 1309589815
20110704-15:21:15 ami_socket.c(81) 3 0 CANCEL Hangup 1309589881.1360 NULL DAHDI/i3/0000115340228368290-2af 1309589883
20110704-15:21:15 ami_socket.c(81) 1 0 NULL Hangup 1309589881.1361 NULL DAHDI/i1/886922815567-1a7 1309589883
20110704-15:21:15 ami_socket.c(81) 3 0 CANCEL Hangup 1309589916.1362 NULL DAHDI/i3/0000115340228368290-2b0 1309589918
20110704-15:21:15 ami_socket.c(81) 1 0 NULL Hangup 1309589916.1363 NULL DAHDI/i1/886988091871-1a8 1309589919
20110704-15:21:15 ami_socket.c(81) 3 0 CANCEL Hangup 1309589999.1364 NULL DAHDI/i3/0000115340228368290-2b1 1309590002
20110704-15:21:15 ami_socket.c(81) 1 0 NULL Hangup 1309589999.1365 NULL DAHDI/i1/886939684879-1a9 1309590002
20110704-15:21:15 ami_socket.c(81) 3 0 CANCEL Hangup 1309590047.1366 NULL DAHDI/i3/0000115340228368290-2b2 1309590049
20110704-15:21:15 ami_socket.c(81) 1 0 NULL Hangup 1309590047.1367 NULL DAHDI/i1/886910518766-1aa 1309590049
20110704-15:21:15 ami_socket.c(81) 3 0 CANCEL Hangup 1309590120.1368 NULL DAHDI/i3/0000115340228368290-2b3 1309590122
20110704-15:21:15 ami_socket.c(81) 1 0 NULL Hangup 1309590120.1369 NULL DAHDI/i1/886982002312-1ab 1309590122
20110704-15:21:15 ami_socket.c(81) 3 0 CANCEL Hangup 1309590142.1370 NULL DAHDI/i3/0000115340228368290-2b4 1309590144
20110704-15:21:15 ami_socket.c(81) 1 0 NULL Hangup 1309590142.1371 NULL DAHDI/i1/886982023120-1ac 1309590144
20110704-15:21:15 ami_socket.c(81) 3 0 CANCEL Hangup 1309590161.1372 NULL DAHDI/i3/0000115340228368290-2b5 1309590163
20110704-15:21:15 ami_socket.c(81) 1 0 NULL Hangup 1309590162.1373 NULL DAHDI/i1/886987778662-1ad 1309590164
20110704-15:21:15 ami_socket.c(81) 3 0 CANCEL Hangup 1309590354.1374 NULL DAHDI/i3/0000115340228368290-2b6 1309590357
20110704-15:21:15 ami_socket.c(81) 1 0 NULL Hangup 1309590355.1375 NULL DAHDI/i1/886928983451-1ae 1309590357
20110704-15:21:15 ami_socket.c(81) 3 0 ANSWER Hangup 1309590439.1376 NULL DAHDI/i3/0000115340228368290-2b7 1309590441
20110704-15:21:15 ami_socket.c(81) 1 0 NULL Hangup 1309590439.1377 NULL DAHDI/i1/886981740558-1af 1309590441
20110704-15:21:15 ami_socket.c(81) 3 0 CANCEL Hangup 1309590497.1378 NULL DAHDI/i3/1003042590221921594-2b8 1309590500
20110704-15:21:15 ami_socket.c(81) 1 0 NULL Hangup 1309590500.1379 NULL DAHDI/i1/88634972983-1b0 1309590503
20110704-15:21:15 ami_socket.c(81) 3 0 ANSWER Hangup 1309590653.1380 NULL DAHDI/i3/0000115340228368290-2b9 1309590655
20110704-15:21:15 ami_socket.c(81) 1 0 NULL Hangup 1309590653.1381 NULL DAHDI/i1/886989968282-1b1 1309590655
20110704-15:21:15 ami_socket.c(81) 3 0 CANCEL Hangup 1309591647.1382 NULL DAHDI/i3/0000115340228368290-2ba 1309591649
20110704-15:21:15 ami_socket.c(81) 1 0 NULL Hangup 1309591647.1383 NULL DAHDI/i1/886988968282-1b2 1309591650
20110704-15:21:15 ami_socket.c(81) 3 0 CANCEL Hangup 1309592332.1384 NULL DAHDI/i3/0000115340228368290-2bb 1309592334
20110704-15:21:15 ami_socket.c(81) 1 0 NULL Hangup 1309592332.1385 NULL DAHDI/i1/886933332446-1b3 1309592334
20110704-15:21:15 ami_socket.c(81) 3 0 CANCEL Hangup 1309592587.1386 NULL DAHDI/i3/0000115340228368290-2bc 1309592590
20110704-15:21:15 ami_socket.c(81) 1 0 NULL Hangup 1309592587.1387 NULL DAHDI/i1/886983290994-1b4 1309592590
20110704-15:21:16 ami_socket.c(478) shttpd started!
20110711-18:05:34 ami_socket.c(81) 3 0 CANCEL Hangup 1309864796.2006 NULL DAHDI/i3/0000115340228368290-3f7 1309864800
20110711-18:05:34 ami_socket.c(81) 3 0 CANCEL Hangup 1309864864.2008 NULL DAHDI/i3/0000115340228368290-3f8 1309864867
20110711-18:05:34 ami_socket.c(81) 1 0 NULL Hangup 1309864864.2009 NULL DAHDI/i1/886973806612-2e6 1309864868
20110711-18:05:34 ami_socket.c(81) 3 0 ANSWER Hangup 1309865819.2010 NULL DAHDI/i3/000029490039224244-3f9 1309865822
20110711-18:05:34 ami_socket.c(81) 1 0 NULL Hangup 1309865819.2011 NULL DAHDI/i1/886912007250-2e7 1309865822
20110711-18:05:34 ami_socket.c(81) 3 0 ANSWER Hangup 1309867350.2012 NULL DAHDI/i3/1003714080221921594-3fa 1309867353
20110711-18:05:34 ami_socket.c(81) 1 0 NULL Hangup 1309867353.2013 NULL DAHDI/i1/886225029121-2e8 1309867356
20110711-18:05:34 ami_socket.c(81) 3 0 ANSWER Hangup 1309873481.2014 NULL DAHDI/i3/1003714080221921594-3fb 1309873485
20110711-18:05:34 ami_socket.c(81) 1 0 NULL Hangup 1309873484.2015 NULL DAHDI/i1/886919694435-2e9 1309873488
20110711-18:05:34 ami_socket.c(81) 3 0 ANSWER Hangup 1309873699.2016 NULL DAHDI/i3/1003714080221921594-3fc 1309873703
20110711-18:05:34 ami_socket.c(81) 1 0 NULL Hangup 1309873702.2017 NULL DAHDI/i1/886919694435-2ea 1309873706
20110711-18:05:34 ami_socket.c(81) 3 0 CANCEL Hangup 1309875339.2018 NULL DAHDI/i3/1002082880221921594-3fd 1309875343
20110711-18:05:34 ami_socket.c(81) 1 0 NULL Hangup 1309875341.2019 NULL DAHDI/i1/886952299925-2eb 1309875345
20110711-18:05:34 ami_socket.c(81) 3 0 ANSWER Hangup 1309875603.2020 NULL DAHDI/i3/1002082880221921594-3fe 1309875607
20110711-18:05:34 ami_socket.c(81) 1 0 NULL Hangup 1309875605.2021 NULL DAHDI/i1/886958200275-2ec 1309875609
20110711-18:05:34 ami_socket.c(81) 3 0 ANSWER Hangup 1309875871.2022 NULL DAHDI/i3/1003714080221921594-3ff 1309875875
20110711-18:05:34 ami_socket.c(81) 1 0 NULL Hangup 1309875874.2023 NULL DAHDI/i1/886980413008-2ed 1309875878
20110711-18:05:34 ami_socket.c(81) 3 0 CANCEL Hangup 1309877360.2024 NULL DAHDI/i3/1001114150221921594-400 1309877364
20110711-18:05:34 ami_socket.c(81) 1 0 NULL Hangup 1309877363.2025 NULL DAHDI/i1/886937896207-2ee 1309877367
20110711-18:05:34 ami_socket.c(81) 3 0 CANCEL Hangup 1309877416.2026 NULL DAHDI/i3/1001114150221921594-401 1309877420
20110711-18:05:34 ami_socket.c(81) 1 0 NULL Hangup 1309877418.2027 NULL DAHDI/i1/886937896207-2ef 1309877422
20110711-18:05:34 ami_socket.c(81) 3 0 ANSWER Hangup 1309910983.2028 NULL DAHDI/i3/0000115340228368290-402 1309910984
20110711-18:05:34 ami_socket.c(81) 1 0 NULL Hangup 1309910983.2029 NULL DAHDI/i1/886937876537-2f0 1309910984
20110711-18:05:34 ami_socket.c(81) 3 0 ANSWER Hangup 1309911232.2030 NULL DAHDI/i3/0000115340228368290-403 1309911233
20110711-18:05:34 ami_socket.c(81) 1 0 NULL Hangup 1309911232.2031 NULL DAHDI/i1/886937876537-2f1 1309911233
20110711-18:05:34 ami_socket.c(81) 3 0 ANSWER Hangup 1309912169.2032 NULL DAHDI/i3/0000115340228368290-404 1309912170
20110711-18:05:34 ami_socket.c(81) 1 0 NULL Hangup 1309912169.2033 NULL DAHDI/i1/886922506272-2f2 1309912170
20110711-18:05:34 ami_socket.c(81) 3 0 ANSWER Hangup 1309913571.2034 NULL DAHDI/i3/0000115340228368290-405 1309913573
20110711-18:05:34 ami_socket.c(81) 1 0 NULL Hangup 1309913572.2035 NULL DAHDI/i1/886988869025-2f3 1309913573
20110711-18:05:34 ami_socket.c(81) 3 0 CANCEL Hangup 1309913610.2036 NULL DAHDI/i3/0000115340228368290-406 1309913612
20110711-18:05:34 ami_socket.c(81) 1 0 NULL Hangup 1309913611.2037 NULL DAHDI/i1/886988869025-2f4 1309913612
20110711-18:05:34 ami_socket.c(81) 3 0 ANSWER Hangup 1309913953.2038 NULL DAHDI/i3/1003914000221921594-407 1309913955
20110711-18:05:34 ami_socket.c(81) 1 0 NULL Hangup 1309913957.2039 NULL DAHDI/i1/886928532469-2f5 1309913958
20110711-18:05:34 ami_socket.c(81) 3 0 CANCEL Hangup 1309914088.2040 NULL DAHDI/i3/0000115340228368290-408 1309914089
20110711-18:05:34 ami_socket.c(81) 1 0 NULL Hangup 1309914088.2041 NULL DAHDI/i1/886937876537-2f6 1309914090
20110711-18:05:34 ami_socket.c(81) 3 0 ANSWER Hangup 1309914430.2042 NULL DAHDI/i3/0000115340228368290-409 1309914431
20110711-18:05:34 ami_socket.c(81) 1 0 NULL Hangup 1309914430.2043 NULL DAHDI/i1/886917258369-2f7 1309914432
20110711-18:05:34 ami_socket.c(81) 3 0 ANSWER Hangup 1309914767.2044 NULL DAHDI/i3/0000115340228368290-40a 1309914769
20110711-18:05:34 ami_socket.c(81) 1 0 NULL Hangup 1309914767.2045 NULL DAHDI/i1/886931286508-2f8 1309914769
20110711-18:05:34 ami_socket.c(81) 3 0 ANSWER Hangup 1309914823.2046 NULL DAHDI/i3/0000115340228368290-40b 1309914824
20110711-18:05:34 ami_socket.c(81) 1 0 NULL Hangup 1309914823.2047 NULL DAHDI/i1/886931286508-2f9 1309914825
20110711-18:05:34 ami_socket.c(81) 3 0 ANSWER Hangup 1309914837.2048 NULL DAHDI/i3/1003914000221921594-40c 1309914838
20110711-18:05:34 ami_socket.c(81) 1 0 NULL Hangup 1309914840.2049 NULL DAHDI/i1/88647773124-2fa 1309914841
20110711-18:05:34 ami_socket.c(81) 3 0 ANSWER Hangup 1309915280.2050 NULL DAHDI/i3/1003914000221921594-40d 1309915281
20110711-18:05:34 ami_socket.c(81) 1 0 NULL Hangup 1309915283.2051 NULL DAHDI/i1/886932571873-2fb 1309915284
20110711-18:05:34 ami_socket.c(81) 3 0 ANSWER Hangup 1309915386.2052 NULL DAHDI/i3/1003914000221921594-40e 1309915388
20110711-18:05:34 ami_socket.c(81) 1 0 NULL Hangup 1309915390.2053 NULL DAHDI/i1/886933137104-2fc 1309915391
20110711-18:05:34 ami_socket.c(81) 3 0 ANSWER Hangup 1309915804.2054 NULL DAHDI/i3/1003186310221921594-40f 1309915805
20110711-18:05:35 ami_socket.c(478) shttpd started!
20110930-03:15:10 ami_socket.c(478) shttpd started!
20110930-03:15:21 ami_socket.c(81) 0 0 NULL NULL NULL NULL NULL -1
20110930-03:15:21 ami_socket.c(81) 0 0 NULL NULL NULL NULL NULL -1
20110930-03:15:21 ami_socket.c(81) 0 0 NULL NULL NULL NULL NULL -1
20110930-03:15:21 ami_socket.c(81) 0 0 NULL NULL NULL NULL NULL -1
20110930-03:15:21 ami_socket.c(81) 0 0 NULL NULL NULL NULL NULL -1
20110930-03:15:21 ami_socket.c(81) 0 0 NULL NULL NULL NULL NULL -1
20110930-03:15:21 ami_socket.c(81) 0 0 NULL NULL NULL NULL NULL -1
20110930-03:15:21 ami_socket.c(81) 0 0 NULL NULL NULL NULL NULL -1
20110930-03:15:21 ami_socket.c(81) 0 0 NULL NULL NULL NULL NULL -1
20110930-03:15:21 ami_socket.c(81) 0 0 NULL NULL NULL NULL NULL -1
20110930-03:15:21 ami_socket.c(81) 0 0 NULL NULL NULL NULL NULL -1
20110930-03:15:21 ami_socket.c(81) 0 0 NULL NULL NULL NULL NULL -1
20110930-03:15:21 ami_socket.c(81) 0 0 NULL NULL NULL NULL NULL -1
20110930-03:15:21 ami_socket.c(81) 0 0 NULL NULL NULL NULL NULL -1
20110930-03:15:21 ami_socket.c(81) 0 0 NULL NULL NULL NULL NULL -1
20110930-03:15:21 ami_socket.c(81) 0 0 NULL NULL NULL NULL NULL -1
20110930-03:15:21 ami_socket.c(81) 0 0 NULL NULL NULL NULL NULL -1
20110930-03:15:21 ami_socket.c(81) 0 0 NULL NULL NULL NULL NULL -1
20110930-03:15:21 ami_socket.c(81) 0 0 NULL NULL NULL NULL NULL -1
20110930-03:15:21 ami_socket.c(81) 0 0 NULL NULL NULL NULL NULL -1
20110930-03:15:21 ami_socket.c(81) 0 0 NULL NULL NULL NULL NULL -1
20110930-03:15:21 ami_socket.c(81) 0 0 NULL NULL NULL NULL NULL -1
20110930-03:15:21 ami_socket.c(81) 0 0 NULL NULL NULL NULL NULL -1
20110930-03:15:21 ami_socket.c(81) 0 0 NULL NULL NULL NULL NULL -1
20110930-03:15:21 ami_socket.c(81) 0 0 NULL NULL NULL NULL NULL -1
20110930-03:15:21 ami_socket.c(81) 0 0 NULL NULL NULL NULL NULL -1
20110930-03:15:21 ami_socket.c(81) 0 0 NULL NULL NULL NULL NULL -1
20110930-03:15:21 ami_socket.c(81) 0 0 NULL NULL NULL NULL NULL -1
20110930-03:15:21 ami_socket.c(81) 0 0 NULL NULL NULL NULL NULL -1
20110930-03:15:21 ami_socket.c(81) 0 0 NULL NULL NULL NULL NULL -1
20110930-03:15:21 ami_socket.c(81) 0 0 NULL NULL NULL NULL NULL -1
20110930-03:15:21 ami_socket.c(81) 0 0 NULL NULL NULL NULL NULL -1
20110930-03:15:21 ami_socket.c(81) 0 0 NULL NULL NULL NULL NULL -1
20110930-03:15:21 ami_socket.c(81) 0 0 NULL NULL NULL NULL NULL -1
20110930-03:15:21 ami_socket.c(81) 0 0 NULL NULL NULL NULL NULL -1
20110930-03:15:21 ami_socket.c(81) 0 0 NULL NULL NULL NULL NULL -1
20110930-03:15:21 ami_socket.c(81) 0 0 NULL NULL NULL NULL NULL -1
20110930-03:15:21 ami_socket.c(81) 0 0 NULL NULL NULL NULL NULL -1
20110930-03:15:21 ami_socket.c(81) 0 0 NULL NULL NULL NULL NULL -1
20110930-03:15:21 ami_socket.c(81) 0 0 NULL NULL NULL NULL NULL -1
20110930-03:15:21 ami_socket.c(81) 0 0 NULL NULL NULL NULL NULL -1
20110930-03:15:21 ami_socket.c(81) 0 0 NULL NULL NULL NULL NULL -1
20110930-03:15:21 ami_socket.c(81) 0 0 NULL NULL NULL NULL NULL -1
20110930-03:15:21 ami_socket.c(81) 0 0 NULL NULL NULL NULL NULL -1
20110930-03:15:21 ami_socket.c(81) 0 0 NULL NULL NULL NULL NULL -1
20110930-03:15:21 ami_socket.c(81) 0 0 NULL NULL NULL NULL NULL -1
20110930-03:15:21 ami_socket.c(81) 0 0 NULL NULL NULL NULL NULL -1
20110930-03:15:21 ami_socket.c(81) 0 0 NULL NULL NULL NULL NULL -1
20110930-03:15:48 ami_socket.c(478) shttpd started!
20110930-03:15:57 ami_socket.c(81) 0 0 NULL NULL NULL NULL NULL -1
20110930-03:15:57 ami_socket.c(81) 0 0 NULL NULL NULL NULL NULL -1
20110930-03:15:57 ami_socket.c(81) 0 0 NULL NULL NULL NULL NULL -1
20110930-03:15:57 ami_socket.c(81) 0 0 NULL NULL NULL NULL NULL -1
20110930-03:15:57 ami_socket.c(81) 0 0 NULL NULL NULL NULL NULL -1
20110930-03:15:57 ami_socket.c(81) 0 0 NULL NULL NULL NULL NULL -1
20110930-03:15:57 ami_socket.c(81) 0 0 NULL NULL NULL NULL NULL -1
20110930-03:15:57 ami_socket.c(81) 0 0 NULL NULL NULL NULL NULL -1
20110930-03:15:57 ami_socket.c(81) 0 0 NULL NULL NULL NULL NULL -1
20110930-03:15:57 ami_socket.c(81) 0 0 NULL NULL NULL NULL NULL -1
20110930-03:15:57 ami_socket.c(81) 0 0 NULL NULL NULL NULL NULL -1
20110930-03:15:57 ami_socket.c(81) 0 0 NULL NULL NULL NULL NULL -1
20110930-03:15:57 ami_socket.c(81) 0 0 NULL NULL NULL NULL NULL -1
20110930-03:15:57 ami_socket.c(81) 0 0 NULL NULL NULL NULL NULL -1
20110930-03:15:57 ami_socket.c(81) 0 0 NULL NULL NULL NULL NULL -1
20110930-03:15:57 ami_socket.c(81) 0 0 NULL NULL NULL NULL NULL -1
20110930-03:15:57 ami_socket.c(81) 0 0 NULL NULL NULL NULL NULL -1
20110930-03:15:57 ami_socket.c(81) 0 0 NULL NULL NULL NULL NULL -1
20110930-03:15:57 ami_socket.c(81) 0 0 NULL NULL NULL NULL NULL -1
20110930-03:15:57 ami_socket.c(81) 0 0 NULL NULL NULL NULL NULL -1
20110930-03:15:57 ami_socket.c(81) 0 0 NULL NULL NULL NULL NULL -1
20110930-03:15:57 ami_socket.c(81) 0 0 NULL NULL NULL NULL NULL -1
20110930-03:15:57 ami_socket.c(81) 0 0 NULL NULL NULL NULL NULL -1
20110930-03:15:57 ami_socket.c(81) 0 0 NULL NULL NULL NULL NULL -1
20110930-03:15:57 ami_socket.c(81) 0 0 NULL NULL NULL NULL NULL -1
20110930-03:15:57 ami_socket.c(81) 0 0 NULL NULL NULL NULL NULL -1
20110930-03:15:57 ami_socket.c(81) 0 0 NULL NULL NULL NULL NULL -1
20110930-03:15:57 ami_socket.c(81) 0 0 NULL NULL NULL NULL NULL -1
20110930-03:15:57 ami_socket.c(81) 0 0 NULL NULL NULL NULL NULL -1
20110930-03:15:57 ami_socket.c(81) 0 0 NULL NULL NULL NULL NULL -1
20110930-03:15:57 ami_socket.c(81) 0 0 NULL NULL NULL NULL NULL -1
20110930-03:15:57 ami_socket.c(81) 0 0 NULL NULL NULL NULL NULL -1
20110930-03:15:57 ami_socket.c(81) 0 0 NULL NULL NULL NULL NULL -1
20110930-03:15:57 ami_socket.c(81) 0 0 NULL NULL NULL NULL NULL -1
20110930-03:15:57 ami_socket.c(81) 0 0 NULL NULL NULL NULL NULL -1
20110930-03:15:57 ami_socket.c(81) 0 0 NULL NULL NULL NULL NULL -1
20110930-03:15:57 ami_socket.c(81) 0 0 NULL NULL NULL NULL NULL -1
20110930-03:15:57 ami_socket.c(81) 0 0 NULL NULL NULL NULL NULL -1
20110930-03:15:57 ami_socket.c(81) 0 0 NULL NULL NULL NULL NULL -1
20110930-03:15:57 ami_socket.c(81) 0 0 NULL NULL NULL NULL NULL -1
20110930-03:15:57 ami_socket.c(81) 0 0 NULL NULL NULL NULL NULL -1
20110930-03:15:57 ami_socket.c(81) 0 0 NULL NULL NULL NULL NULL -1
20110930-03:15:57 ami_socket.c(81) 0 0 NULL NULL NULL NULL NULL -1
20110930-03:15:57 ami_socket.c(81) 0 0 NULL NULL NULL NULL NULL -1
20110930-03:15:57 ami_socket.c(81) 0 0 NULL NULL NULL NULL NULL -1
20110930-03:15:57 ami_socket.c(81) 0 0 NULL NULL NULL NULL NULL -1
20110930-03:15:57 ami_socket.c(81) 0 0 NULL NULL NULL NULL NULL -1
20110930-03:15:57 ami_socket.c(81) 0 0 NULL NULL NULL NULL NULL -1
20110930-03:17:47 ami_socket.c(478) shttpd started!
20110930-03:18:17 ami_socket.c(395) reconnecting ami sockets
20110930-03:18:47 ami_socket.c(395) reconnecting ami sockets
20110930-03:19:17 ami_socket.c(395) reconnecting ami sockets
20110930-03:19:47 ami_socket.c(395) reconnecting ami sockets
20110930-03:20:17 ami_socket.c(395) reconnecting ami sockets
20110930-03:20:47 ami_socket.c(395) reconnecting ami sockets
20110930-03:21:17 ami_socket.c(395) reconnecting ami sockets
20110930-03:21:38 ami_socket.c(81) 0 0 NULL NULL NULL NULL NULL -1
20110930-03:21:38 ami_socket.c(81) 0 0 NULL NULL NULL NULL NULL -1
20110930-03:21:38 ami_socket.c(81) 0 0 NULL NULL NULL NULL NULL -1
20110930-03:21:38 ami_socket.c(81) 0 0 NULL NULL NULL NULL NULL -1
20110930-03:21:38 ami_socket.c(81) 0 0 NULL NULL NULL NULL NULL -1
20110930-03:21:38 ami_socket.c(81) 0 0 NULL NULL NULL NULL NULL -1
20110930-03:21:38 ami_socket.c(81) 0 0 NULL NULL NULL NULL NULL -1
20110930-03:21:38 ami_socket.c(81) 0 0 NULL NULL NULL NULL NULL -1
20110930-03:21:38 ami_socket.c(81) 0 0 NULL NULL NULL NULL NULL -1
20110930-03:21:38 ami_socket.c(81) 0 0 NULL NULL NULL NULL NULL -1
20110930-03:21:38 ami_socket.c(81) 0 0 NULL NULL NULL NULL NULL -1
20110930-03:21:38 ami_socket.c(81) 0 0 NULL NULL NULL NULL NULL -1
20110930-03:21:38 ami_socket.c(81) 0 0 NULL NULL NULL NULL NULL -1
20110930-03:21:38 ami_socket.c(81) 0 0 NULL NULL NULL NULL NULL -1
20110930-03:21:38 ami_socket.c(81) 0 0 NULL NULL NULL NULL NULL -1
20110930-03:21:38 ami_socket.c(81) 0 0 NULL NULL NULL NULL NULL -1
20110930-03:21:38 ami_socket.c(81) 0 0 NULL NULL NULL NULL NULL -1
20110930-03:21:38 ami_socket.c(81) 0 0 NULL NULL NULL NULL NULL -1
20110930-03:21:38 ami_socket.c(81) 0 0 NULL NULL NULL NULL NULL -1
20110930-03:21:38 ami_socket.c(81) 0 0 NULL NULL NULL NULL NULL -1
20110930-03:21:38 ami_socket.c(81) 0 0 NULL NULL NULL NULL NULL -1
20110930-03:21:38 ami_socket.c(81) 0 0 NULL NULL NULL NULL NULL -1
20110930-03:21:38 ami_socket.c(81) 0 0 NULL NULL NULL NULL NULL -1
20110930-03:21:38 ami_socket.c(81) 0 0 NULL NULL NULL NULL NULL -1
20110930-03:21:38 ami_socket.c(81) 0 0 NULL NULL NULL NULL NULL -1
20110930-03:21:38 ami_socket.c(81) 0 0 NULL NULL NULL NULL NULL -1
20110930-03:21:38 ami_socket.c(81) 0 0 NULL NULL NULL NULL NULL -1
20110930-03:21:38 ami_socket.c(81) 0 0 NULL NULL NULL NULL NULL -1
20110930-03:21:38 ami_socket.c(81) 0 0 NULL NULL NULL NULL NULL -1
20110930-03:21:38 ami_socket.c(81) 0 0 NULL NULL NULL NULL NULL -1
20110930-03:21:38 ami_socket.c(81) 0 0 NULL NULL NULL NULL NULL -1
20110930-03:21:38 ami_socket.c(81) 0 0 NULL NULL NULL NULL NULL -1
20110930-03:21:38 ami_socket.c(81) 0 0 NULL NULL NULL NULL NULL -1
20110930-03:21:38 ami_socket.c(81) 0 0 NULL NULL NULL NULL NULL -1
20110930-03:21:38 ami_socket.c(81) 0 0 NULL NULL NULL NULL NULL -1
20110930-03:21:38 ami_socket.c(81) 0 0 NULL NULL NULL NULL NULL -1
20110930-03:21:38 ami_socket.c(81) 0 0 NULL NULL NULL NULL NULL -1
20110930-03:21:38 ami_socket.c(81) 0 0 NULL NULL NULL NULL NULL -1
20110930-03:21:38 ami_socket.c(81) 0 0 NULL NULL NULL NULL NULL -1
20110930-03:21:38 ami_socket.c(81) 0 0 NULL NULL NULL NULL NULL -1
20110930-03:21:38 ami_socket.c(81) 0 0 NULL NULL NULL NULL NULL -1
20110930-03:21:38 ami_socket.c(81) 0 0 NULL NULL NULL NULL NULL -1
20110930-03:21:38 ami_socket.c(81) 0 0 NULL NULL NULL NULL NULL -1
20110930-03:21:38 ami_socket.c(81) 0 0 NULL NULL NULL NULL NULL -1
20110930-03:21:38 ami_socket.c(81) 0 0 NULL NULL NULL NULL NULL -1
20110930-03:21:38 ami_socket.c(81) 0 0 NULL NULL NULL NULL NULL -1
20110930-03:21:38 ami_socket.c(81) 0 0 NULL NULL NULL NULL NULL -1
20110930-03:21:38 ami_socket.c(81) 0 0 NULL NULL NULL NULL NULL -1
20110930-03:21:38 ami_socket.c(478) shttpd started!
20110930-03:21:44 ami_socket.c(81) 0 0 NULL NULL NULL NULL NULL -1
20110930-03:21:44 ami_socket.c(81) 0 0 NULL NULL NULL NULL NULL -1
20110930-03:21:44 ami_socket.c(81) 0 0 NULL NULL NULL NULL NULL -1
20110930-03:21:44 ami_socket.c(81) 0 0 NULL NULL NULL NULL NULL -1
20110930-03:21:44 ami_socket.c(81) 0 0 NULL NULL NULL NULL NULL -1
20110930-03:21:44 ami_socket.c(81) 0 0 NULL NULL NULL NULL NULL -1
20110930-03:21:44 ami_socket.c(81) 0 0 NULL NULL NULL NULL NULL -1
20110930-03:21:44 ami_socket.c(81) 0 0 NULL NULL NULL NULL NULL -1
20110930-03:21:44 ami_socket.c(81) 0 0 NULL NULL NULL NULL NULL -1
20110930-03:21:44 ami_socket.c(81) 0 0 NULL NULL NULL NULL NULL -1
20110930-03:21:44 ami_socket.c(81) 0 0 NULL NULL NULL NULL NULL -1
20110930-03:21:44 ami_socket.c(81) 0 0 NULL NULL NULL NULL NULL -1
20110930-03:21:44 ami_socket.c(81) 0 0 NULL NULL NULL NULL NULL -1
20110930-03:21:44 ami_socket.c(81) 0 0 NULL NULL NULL NULL NULL -1
20110930-03:21:44 ami_socket.c(81) 0 0 NULL NULL NULL NULL NULL -1
20110930-03:21:44 ami_socket.c(81) 0 0 NULL NULL NULL NULL NULL -1
20110930-03:21:44 ami_socket.c(81) 0 0 NULL NULL NULL NULL NULL -1
20110930-03:21:44 ami_socket.c(81) 0 0 NULL NULL NULL NULL NULL -1
20110930-03:21:44 ami_socket.c(81) 0 0 NULL NULL NULL NULL NULL -1
20110930-03:21:44 ami_socket.c(81) 0 0 NULL NULL NULL NULL NULL -1
20110930-03:21:44 ami_socket.c(81) 0 0 NULL NULL NULL NULL NULL -1
20110930-03:21:44 ami_socket.c(81) 0 0 NULL NULL NULL NULL NULL -1
20110930-03:21:44 ami_socket.c(81) 0 0 NULL NULL NULL NULL NULL -1
20110930-03:21:44 ami_socket.c(81) 0 0 NULL NULL NULL NULL NULL -1
20110930-03:21:44 ami_socket.c(81) 0 0 NULL NULL NULL NULL NULL -1
20110930-03:21:44 ami_socket.c(81) 0 0 NULL NULL NULL NULL NULL -1
20110930-03:21:44 ami_socket.c(81) 0 0 NULL NULL NULL NULL NULL -1
20110930-03:21:44 ami_socket.c(81) 0 0 NULL NULL NULL NULL NULL -1
20110930-03:21:44 ami_socket.c(81) 0 0 NULL NULL NULL NULL NULL -1
20110930-03:21:44 ami_socket.c(81) 0 0 NULL NULL NULL NULL NULL -1
20110930-03:21:44 ami_socket.c(81) 0 0 NULL NULL NULL NULL NULL -1
20110930-03:21:44 ami_socket.c(81) 0 0 NULL NULL NULL NULL NULL -1
20110930-03:21:44 ami_socket.c(81) 0 0 NULL NULL NULL NULL NULL -1
20110930-03:21:44 ami_socket.c(81) 0 0 NULL NULL NULL NULL NULL -1
20110930-03:21:44 ami_socket.c(81) 0 0 NULL NULL NULL NULL NULL -1
20110930-03:21:44 ami_socket.c(81) 0 0 NULL NULL NULL NULL NULL -1
20110930-03:21:44 ami_socket.c(81) 0 0 NULL NULL NULL NULL NULL -1
20110930-03:21:44 ami_socket.c(81) 0 0 NULL NULL NULL NULL NULL -1
20110930-03:21:44 ami_socket.c(81) 0 0 NULL NULL NULL NULL NULL -1
20110930-03:21:44 ami_socket.c(81) 0 0 NULL NULL NULL NULL NULL -1
20110930-03:21:44 ami_socket.c(81) 0 0 NULL NULL NULL NULL NULL -1
20110930-03:21:44 ami_socket.c(81) 0 0 NULL NULL NULL NULL NULL -1
20110930-03:21:44 ami_socket.c(81) 0 0 NULL NULL NULL NULL NULL -1
20110930-03:21:44 ami_socket.c(81) 0 0 NULL NULL NULL NULL NULL -1
20110930-03:21:44 ami_socket.c(81) 0 0 NULL NULL NULL NULL NULL -1
20110930-03:21:44 ami_socket.c(81) 0 0 NULL NULL NULL NULL NULL -1
20110930-03:21:44 ami_socket.c(81) 0 0 NULL NULL NULL NULL NULL -1
20110930-03:21:44 ami_socket.c(81) 0 0 NULL NULL NULL NULL NULL -1
20110930-03:21:57 ami_socket.c(478) shttpd started!
20110930-03:32:23 ami_socket.c(81) 0 0 NULL NULL NULL NULL NULL -1
20110930-03:32:23 ami_socket.c(81) 0 0 NULL NULL NULL NULL NULL -1
20110930-03:32:23 ami_socket.c(81) 0 0 NULL NULL NULL NULL NULL -1
20110930-03:32:23 ami_socket.c(81) 0 0 NULL NULL NULL NULL NULL -1
20110930-03:32:23 ami_socket.c(81) 0 0 NULL NULL NULL NULL NULL -1
20110930-03:32:23 ami_socket.c(81) 0 0 NULL NULL NULL NULL NULL -1
20110930-03:32:23 ami_socket.c(81) 0 0 NULL NULL NULL NULL NULL -1
20110930-03:32:23 ami_socket.c(81) 0 0 NULL NULL NULL NULL NULL -1
20110930-03:32:23 ami_socket.c(81) 0 0 NULL NULL NULL NULL NULL -1
20110930-03:32:23 ami_socket.c(81) 0 0 NULL NULL NULL NULL NULL -1
20110930-03:32:23 ami_socket.c(81) 0 0 NULL NULL NULL NULL NULL -1
20110930-03:32:23 ami_socket.c(81) 0 0 NULL NULL NULL NULL NULL -1
20110930-03:32:23 ami_socket.c(81) 0 0 NULL NULL NULL NULL NULL -1
20110930-03:32:23 ami_socket.c(81) 0 0 NULL NULL NULL NULL NULL -1
20110930-03:32:23 ami_socket.c(81) 0 0 NULL NULL NULL NULL NULL -1
20110930-03:32:23 ami_socket.c(81) 0 0 NULL NULL NULL NULL NULL -1
20110930-03:32:23 ami_socket.c(81) 0 0 NULL NULL NULL NULL NULL -1
20110930-03:32:23 ami_socket.c(81) 0 0 NULL NULL NULL NULL NULL -1
20110930-03:32:23 ami_socket.c(81) 0 0 NULL NULL NULL NULL NULL -1
20110930-03:32:23 ami_socket.c(81) 0 0 NULL NULL NULL NULL NULL -1
20110930-03:32:23 ami_socket.c(81) 0 0 NULL NULL NULL NULL NULL -1
20110930-03:32:23 ami_socket.c(81) 0 0 NULL NULL NULL NULL NULL -1
20110930-03:32:23 ami_socket.c(81) 0 0 NULL NULL NULL NULL NULL -1
20110930-03:32:23 ami_socket.c(81) 0 0 NULL NULL NULL NULL NULL -1
20110930-03:32:23 ami_socket.c(81) 0 0 NULL NULL NULL NULL NULL -1
20110930-03:32:23 ami_socket.c(81) 0 0 NULL NULL NULL NULL NULL -1
20110930-03:32:23 ami_socket.c(81) 0 0 NULL NULL NULL NULL NULL -1
20110930-03:32:23 ami_socket.c(81) 0 0 NULL NULL NULL NULL NULL -1
20110930-03:32:23 ami_socket.c(81) 0 0 NULL NULL NULL NULL NULL -1
20110930-03:32:23 ami_socket.c(81) 0 0 NULL NULL NULL NULL NULL -1
20110930-03:32:23 ami_socket.c(81) 0 0 NULL NULL NULL NULL NULL -1
20110930-03:32:23 ami_socket.c(81) 0 0 NULL NULL NULL NULL NULL -1
20110930-03:32:23 ami_socket.c(81) 0 0 NULL NULL NULL NULL NULL -1
20110930-03:32:23 ami_socket.c(81) 0 0 NULL NULL NULL NULL NULL -1
20110930-03:32:23 ami_socket.c(81) 0 0 NULL NULL NULL NULL NULL -1
20110930-03:32:23 ami_socket.c(81) 0 0 NULL NULL NULL NULL NULL -1
20110930-03:32:23 ami_socket.c(81) 0 0 NULL NULL NULL NULL NULL -1
20110930-03:32:23 ami_socket.c(81) 0 0 NULL NULL NULL NULL NULL -1
20110930-03:32:23 ami_socket.c(81) 0 0 NULL NULL NULL NULL NULL -1
20110930-03:32:23 ami_socket.c(81) 0 0 NULL NULL NULL NULL NULL -1
20110930-03:32:23 ami_socket.c(81) 0 0 NULL NULL NULL NULL NULL -1
20110930-03:32:23 ami_socket.c(81) 0 0 NULL NULL NULL NULL NULL -1
20110930-03:32:23 ami_socket.c(81) 0 0 NULL NULL NULL NULL NULL -1
20110930-03:32:23 ami_socket.c(81) 0 0 NULL NULL NULL NULL NULL -1
20110930-03:32:23 ami_socket.c(81) 0 0 NULL NULL NULL NULL NULL -1
20110930-03:32:23 ami_socket.c(81) 0 0 NULL NULL NULL NULL NULL -1
20110930-03:32:23 ami_socket.c(81) 0 0 NULL NULL NULL NULL NULL -1
20110930-03:32:23 ami_socket.c(81) 0 0 NULL NULL NULL NULL NULL -1
20110930-03:33:14 ami_socket.c(478) shttpd started!
20110930-03:53:15 ami_socket.c(81) 0 0 NULL NULL NULL NULL NULL -1
20110930-03:53:15 ami_socket.c(81) 0 0 NULL NULL NULL NULL NULL -1
20110930-03:53:15 ami_socket.c(81) 0 0 NULL NULL NULL NULL NULL -1
20110930-03:53:15 ami_socket.c(81) 0 0 NULL NULL NULL NULL NULL -1
20110930-03:53:15 ami_socket.c(81) 0 0 NULL NULL NULL NULL NULL -1
20110930-03:53:15 ami_socket.c(81) 0 0 NULL NULL NULL NULL NULL -1
20110930-03:53:15 ami_socket.c(81) 0 0 NULL NULL NULL NULL NULL -1
20110930-03:53:15 ami_socket.c(81) 0 0 NULL NULL NULL NULL NULL -1
20110930-03:53:15 ami_socket.c(81) 0 0 NULL NULL NULL NULL NULL -1
20110930-03:53:15 ami_socket.c(81) 0 0 NULL NULL NULL NULL NULL -1
20110930-03:53:15 ami_socket.c(81) 0 0 NULL NULL NULL NULL NULL -1
20110930-03:53:15 ami_socket.c(81) 0 0 NULL NULL NULL NULL NULL -1
20110930-03:53:15 ami_socket.c(81) 0 0 NULL NULL NULL NULL NULL -1
20110930-03:53:15 ami_socket.c(81) 0 0 NULL NULL NULL NULL NULL -1
20110930-03:53:15 ami_socket.c(81) 0 0 NULL NULL NULL NULL NULL -1
20110930-03:53:15 ami_socket.c(81) 0 0 NULL NULL NULL NULL NULL -1
20110930-03:53:15 ami_socket.c(81) 0 0 NULL NULL NULL NULL NULL -1
20110930-03:53:15 ami_socket.c(81) 0 0 NULL NULL NULL NULL NULL -1
20110930-03:53:15 ami_socket.c(81) 0 0 NULL NULL NULL NULL NULL -1
20110930-03:53:15 ami_socket.c(81) 0 0 NULL NULL NULL NULL NULL -1
20110930-03:53:15 ami_socket.c(81) 0 0 NULL NULL NULL NULL NULL -1
20110930-03:53:15 ami_socket.c(81) 0 0 NULL NULL NULL NULL NULL -1
20110930-03:53:15 ami_socket.c(81) 0 0 NULL NULL NULL NULL NULL -1
20110930-03:53:15 ami_socket.c(81) 0 0 NULL NULL NULL NULL NULL -1
20110930-03:53:15 ami_socket.c(81) 0 0 NULL NULL NULL NULL NULL -1
20110930-03:53:15 ami_socket.c(81) 0 0 NULL NULL NULL NULL NULL -1
20110930-03:53:15 ami_socket.c(81) 0 0 NULL NULL NULL NULL NULL -1
20110930-03:53:15 ami_socket.c(81) 0 0 NULL NULL NULL NULL NULL -1
20110930-03:53:15 ami_socket.c(81) 0 0 NULL NULL NULL NULL NULL -1
20110930-03:53:15 ami_socket.c(81) 0 0 NULL NULL NULL NULL NULL -1
20110930-03:53:15 ami_socket.c(81) 0 0 NULL NULL NULL NULL NULL -1
20110930-03:53:15 ami_socket.c(81) 0 0 NULL NULL NULL NULL NULL -1
20110930-03:53:15 ami_socket.c(81) 0 0 NULL NULL NULL NULL NULL -1
20110930-03:53:15 ami_socket.c(81) 0 0 NULL NULL NULL NULL NULL -1
20110930-03:53:15 ami_socket.c(81) 0 0 NULL NULL NULL NULL NULL -1
20110930-03:53:15 ami_socket.c(81) 0 0 NULL NULL NULL NULL NULL -1
20110930-03:53:15 ami_socket.c(81) 0 0 NULL NULL NULL NULL NULL -1
20110930-03:53:15 ami_socket.c(81) 0 0 NULL NULL NULL NULL NULL -1
20110930-03:53:15 ami_socket.c(81) 0 0 NULL NULL NULL NULL NULL -1
20110930-03:53:15 ami_socket.c(81) 0 0 NULL NULL NULL NULL NULL -1
20110930-03:53:15 ami_socket.c(81) 0 0 NULL NULL NULL NULL NULL -1
20110930-03:53:15 ami_socket.c(81) 0 0 NULL NULL NULL NULL NULL -1
20110930-03:53:15 ami_socket.c(81) 0 0 NULL NULL NULL NULL NULL -1
20110930-03:53:15 ami_socket.c(81) 0 0 NULL NULL NULL NULL NULL -1
20110930-03:53:15 ami_socket.c(81) 0 0 NULL NULL NULL NULL NULL -1
20110930-03:53:15 ami_socket.c(81) 0 0 NULL NULL NULL NULL NULL -1
20110930-03:53:15 ami_socket.c(81) 0 0 NULL NULL NULL NULL NULL -1
20110930-03:53:15 ami_socket.c(81) 0 0 NULL NULL NULL NULL NULL -1
20110930-03:53:15 ami_socket.c(478) shttpd started!
20110930-03:54:45 ami_socket.c(81) 0 0 NULL NULL NULL NULL NULL -1
20110930-03:54:45 ami_socket.c(81) 0 0 NULL NULL NULL NULL NULL -1
20110930-03:54:45 ami_socket.c(81) 0 0 NULL NULL NULL NULL NULL -1
20110930-03:54:45 ami_socket.c(81) 0 0 NULL NULL NULL NULL NULL -1
20110930-03:54:45 ami_socket.c(81) 0 0 NULL NULL NULL NULL NULL -1
20110930-03:54:45 ami_socket.c(81) 0 0 NULL NULL NULL NULL NULL -1
20110930-03:54:45 ami_socket.c(81) 0 0 NULL NULL NULL NULL NULL -1
20110930-03:54:45 ami_socket.c(81) 0 0 NULL NULL NULL NULL NULL -1
20110930-03:54:45 ami_socket.c(81) 0 0 NULL NULL NULL NULL NULL -1
20110930-03:54:45 ami_socket.c(81) 0 0 NULL NULL NULL NULL NULL -1
20110930-03:54:45 ami_socket.c(81) 0 0 NULL NULL NULL NULL NULL -1
20110930-03:54:45 ami_socket.c(81) 0 0 NULL NULL NULL NULL NULL -1
20110930-03:54:45 ami_socket.c(81) 0 0 NULL NULL NULL NULL NULL -1
20110930-03:54:45 ami_socket.c(81) 0 0 NULL NULL NULL NULL NULL -1
20110930-03:54:45 ami_socket.c(81) 0 0 NULL NULL NULL NULL NULL -1
20110930-03:54:45 ami_socket.c(81) 0 0 NULL NULL NULL NULL NULL -1
20110930-03:54:45 ami_socket.c(81) 0 0 NULL NULL NULL NULL NULL -1
20110930-03:54:45 ami_socket.c(81) 0 0 NULL NULL NULL NULL NULL -1
20110930-03:54:45 ami_socket.c(81) 0 0 NULL NULL NULL NULL NULL -1
20110930-03:54:45 ami_socket.c(81) 0 0 NULL NULL NULL NULL NULL -1
20110930-03:54:45 ami_socket.c(81) 0 0 NULL NULL NULL NULL NULL -1
20110930-03:54:45 ami_socket.c(81) 0 0 NULL NULL NULL NULL NULL -1
20110930-03:54:45 ami_socket.c(81) 0 0 NULL NULL NULL NULL NULL -1
20110930-03:54:45 ami_socket.c(81) 0 0 NULL NULL NULL NULL NULL -1
20110930-03:54:45 ami_socket.c(81) 0 0 NULL NULL NULL NULL NULL -1
20110930-03:54:45 ami_socket.c(81) 0 0 NULL NULL NULL NULL NULL -1
20110930-03:54:45 ami_socket.c(81) 0 0 NULL NULL NULL NULL NULL -1
20110930-03:54:45 ami_socket.c(81) 0 0 NULL NULL NULL NULL NULL -1
20110930-03:54:45 ami_socket.c(81) 0 0 NULL NULL NULL NULL NULL -1
20110930-03:54:45 ami_socket.c(81) 0 0 NULL NULL NULL NULL NULL -1
20110930-03:54:45 ami_socket.c(81) 0 0 NULL NULL NULL NULL NULL -1
20110930-03:54:45 ami_socket.c(81) 0 0 NULL NULL NULL NULL NULL -1
20110930-03:54:45 ami_socket.c(81) 0 0 NULL NULL NULL NULL NULL -1
20110930-03:54:45 ami_socket.c(81) 0 0 NULL NULL NULL NULL NULL -1
20110930-03:54:45 ami_socket.c(81) 0 0 NULL NULL NULL NULL NULL -1
20110930-03:54:45 ami_socket.c(81) 0 0 NULL NULL NULL NULL NULL -1
20110930-03:54:45 ami_socket.c(81) 0 0 NULL NULL NULL NULL NULL -1
20110930-03:54:45 ami_socket.c(81) 0 0 NULL NULL NULL NULL NULL -1
20110930-03:54:45 ami_socket.c(81) 0 0 NULL NULL NULL NULL NULL -1
20110930-03:54:45 ami_socket.c(81) 0 0 NULL NULL NULL NULL NULL -1
20110930-03:54:45 ami_socket.c(81) 0 0 NULL NULL NULL NULL NULL -1
20110930-03:54:45 ami_socket.c(81) 0 0 NULL NULL NULL NULL NULL -1
20110930-03:54:45 ami_socket.c(81) 0 0 NULL NULL NULL NULL NULL -1
20110930-03:54:45 ami_socket.c(81) 0 0 NULL NULL NULL NULL NULL -1
20110930-03:54:45 ami_socket.c(81) 0 0 NULL NULL NULL NULL NULL -1
20110930-03:54:45 ami_socket.c(81) 0 0 NULL NULL NULL NULL NULL -1
20110930-03:54:45 ami_socket.c(81) 0 0 NULL NULL NULL NULL NULL -1
20110930-03:54:45 ami_socket.c(81) 0 0 NULL NULL NULL NULL NULL -1
20110930-03:54:47 ami_socket.c(478) shttpd started!
20110930-03:59:51 ami_socket.c(81) 0 0 NULL NULL NULL NULL NULL -1
20110930-03:59:51 ami_socket.c(81) 0 0 NULL NULL NULL NULL NULL -1
20110930-03:59:51 ami_socket.c(81) 0 0 NULL NULL NULL NULL NULL -1
20110930-03:59:51 ami_socket.c(81) 0 0 NULL NULL NULL NULL NULL -1
20110930-03:59:51 ami_socket.c(81) 0 0 NULL NULL NULL NULL NULL -1
20110930-03:59:51 ami_socket.c(81) 0 0 NULL NULL NULL NULL NULL -1
20110930-03:59:51 ami_socket.c(81) 0 0 NULL NULL NULL NULL NULL -1
20110930-03:59:51 ami_socket.c(81) 0 0 NULL NULL NULL NULL NULL -1
20110930-03:59:51 ami_socket.c(81) 0 0 NULL NULL NULL NULL NULL -1
20110930-03:59:51 ami_socket.c(81) 0 0 NULL NULL NULL NULL NULL -1
20110930-03:59:51 ami_socket.c(81) 0 0 NULL NULL NULL NULL NULL -1
20110930-03:59:51 ami_socket.c(81) 0 0 NULL NULL NULL NULL NULL -1
20110930-03:59:51 ami_socket.c(81) 0 0 NULL NULL NULL NULL NULL -1
20110930-03:59:51 ami_socket.c(81) 0 0 NULL NULL NULL NULL NULL -1
20110930-03:59:51 ami_socket.c(81) 0 0 NULL NULL NULL NULL NULL -1
20110930-03:59:51 ami_socket.c(81) 0 0 NULL NULL NULL NULL NULL -1
20110930-03:59:51 ami_socket.c(81) 0 0 NULL NULL NULL NULL NULL -1
20110930-03:59:51 ami_socket.c(81) 0 0 NULL NULL NULL NULL NULL -1
20110930-03:59:51 ami_socket.c(81) 0 0 NULL NULL NULL NULL NULL -1
20110930-03:59:51 ami_socket.c(81) 0 0 NULL NULL NULL NULL NULL -1
20110930-03:59:51 ami_socket.c(81) 0 0 NULL NULL NULL NULL NULL -1
20110930-03:59:51 ami_socket.c(81) 0 0 NULL NULL NULL NULL NULL -1
20110930-03:59:51 ami_socket.c(81) 0 0 NULL NULL NULL NULL NULL -1
20110930-03:59:51 ami_socket.c(81) 0 0 NULL NULL NULL NULL NULL -1
20110930-03:59:51 ami_socket.c(81) 0 0 NULL NULL NULL NULL NULL -1
20110930-03:59:51 ami_socket.c(81) 0 0 NULL NULL NULL NULL NULL -1
20110930-03:59:51 ami_socket.c(81) 0 0 NULL NULL NULL NULL NULL -1
20110930-03:59:51 ami_socket.c(81) 0 0 NULL NULL NULL NULL NULL -1
20110930-03:59:51 ami_socket.c(81) 0 0 NULL NULL NULL NULL NULL -1
20110930-03:59:51 ami_socket.c(81) 0 0 NULL NULL NULL NULL NULL -1
20110930-03:59:51 ami_socket.c(81) 0 0 NULL NULL NULL NULL NULL -1
20110930-03:59:51 ami_socket.c(81) 0 0 NULL NULL NULL NULL NULL -1
20110930-03:59:51 ami_socket.c(81) 0 0 NULL NULL NULL NULL NULL -1
20110930-03:59:51 ami_socket.c(81) 0 0 NULL NULL NULL NULL NULL -1
20110930-03:59:51 ami_socket.c(81) 0 0 NULL NULL NULL NULL NULL -1
20110930-03:59:51 ami_socket.c(81) 0 0 NULL NULL NULL NULL NULL -1
20110930-03:59:51 ami_socket.c(81) 0 0 NULL NULL NULL NULL NULL -1
20110930-03:59:51 ami_socket.c(81) 0 0 NULL NULL NULL NULL NULL -1
20110930-03:59:51 ami_socket.c(81) 0 0 NULL NULL NULL NULL NULL -1
20110930-03:59:51 ami_socket.c(81) 0 0 NULL NULL NULL NULL NULL -1
20110930-03:59:51 ami_socket.c(81) 0 0 NULL NULL NULL NULL NULL -1
20110930-03:59:51 ami_socket.c(81) 0 0 NULL NULL NULL NULL NULL -1
20110930-03:59:51 ami_socket.c(81) 0 0 NULL NULL NULL NULL NULL -1
20110930-03:59:51 ami_socket.c(81) 0 0 NULL NULL NULL NULL NULL -1
20110930-03:59:51 ami_socket.c(81) 0 0 NULL NULL NULL NULL NULL -1
20110930-03:59:51 ami_socket.c(81) 0 0 NULL NULL NULL NULL NULL -1
20110930-03:59:51 ami_socket.c(81) 0 0 NULL NULL NULL NULL NULL -1
20110930-03:59:51 ami_socket.c(81) 0 0 NULL NULL NULL NULL NULL -1
20110930-04:56:39 ami_socket.c(478) shttpd started!
20110930-05:09:39 ami_socket.c(81) 0 0 NULL NULL NULL NULL NULL -1
20110930-05:09:39 ami_socket.c(81) 0 0 NULL NULL NULL NULL NULL -1
20110930-05:09:39 ami_socket.c(81) 0 0 NULL NULL NULL NULL NULL -1
20110930-05:09:39 ami_socket.c(81) 0 0 NULL NULL NULL NULL NULL -1
20110930-05:09:39 ami_socket.c(81) 0 0 NULL NULL NULL NULL NULL -1
20110930-05:09:39 ami_socket.c(81) 0 0 NULL NULL NULL NULL NULL -1
20110930-05:09:39 ami_socket.c(81) 0 0 NULL NULL NULL NULL NULL -1
20110930-05:09:39 ami_socket.c(81) 0 0 NULL NULL NULL NULL NULL -1
20110930-05:09:39 ami_socket.c(81) 0 0 NULL NULL NULL NULL NULL -1
20110930-05:09:39 ami_socket.c(81) 0 0 NULL NULL NULL NULL NULL -1
20110930-05:09:39 ami_socket.c(81) 0 0 NULL NULL NULL NULL NULL -1
20110930-05:09:39 ami_socket.c(81) 0 0 NULL NULL NULL NULL NULL -1
20110930-05:09:39 ami_socket.c(81) 0 0 NULL NULL NULL NULL NULL -1
20110930-05:09:39 ami_socket.c(81) 0 0 NULL NULL NULL NULL NULL -1
20110930-05:09:39 ami_socket.c(81) 0 0 NULL NULL NULL NULL NULL -1
20110930-05:09:39 ami_socket.c(81) 0 0 NULL NULL NULL NULL NULL -1
20110930-05:09:39 ami_socket.c(81) 0 0 NULL NULL NULL NULL NULL -1
20110930-05:09:39 ami_socket.c(81) 0 0 NULL NULL NULL NULL NULL -1
20110930-05:09:39 ami_socket.c(81) 0 0 NULL NULL NULL NULL NULL -1
20110930-05:09:39 ami_socket.c(81) 0 0 NULL NULL NULL NULL NULL -1
20110930-05:09:39 ami_socket.c(81) 0 0 NULL NULL NULL NULL NULL -1
20110930-05:09:39 ami_socket.c(81) 0 0 NULL NULL NULL NULL NULL -1
20110930-05:09:39 ami_socket.c(81) 0 0 NULL NULL NULL NULL NULL -1
20110930-05:09:39 ami_socket.c(81) 0 0 NULL NULL NULL NULL NULL -1
20110930-05:09:39 ami_socket.c(81) 0 0 NULL NULL NULL NULL NULL -1
20110930-05:09:39 ami_socket.c(81) 0 0 NULL NULL NULL NULL NULL -1
20110930-05:09:39 ami_socket.c(81) 0 0 NULL NULL NULL NULL NULL -1
20110930-05:09:39 ami_socket.c(81) 0 0 NULL NULL NULL NULL NULL -1
20110930-05:09:39 ami_socket.c(81) 0 0 NULL NULL NULL NULL NULL -1
20110930-05:09:39 ami_socket.c(81) 0 0 NULL NULL NULL NULL NULL -1
20110930-05:09:39 ami_socket.c(81) 0 0 NULL NULL NULL NULL NULL -1
20110930-05:09:39 ami_socket.c(81) 0 0 NULL NULL NULL NULL NULL -1
20110930-05:09:39 ami_socket.c(81) 0 0 NULL NULL NULL NULL NULL -1
20110930-05:09:39 ami_socket.c(81) 0 0 NULL NULL NULL NULL NULL -1
20110930-05:09:39 ami_socket.c(81) 0 0 NULL NULL NULL NULL NULL -1
20110930-05:09:39 ami_socket.c(81) 0 0 NULL NULL NULL NULL NULL -1
20110930-05:09:39 ami_socket.c(81) 0 0 NULL NULL NULL NULL NULL -1
20110930-05:09:39 ami_socket.c(81) 0 0 NULL NULL NULL NULL NULL -1
20110930-05:09:39 ami_socket.c(81) 0 0 NULL NULL NULL NULL NULL -1
20110930-05:09:39 ami_socket.c(81) 0 0 NULL NULL NULL NULL NULL -1
20110930-05:09:39 ami_socket.c(81) 0 0 NULL NULL NULL NULL NULL -1
20110930-05:09:39 ami_socket.c(81) 0 0 NULL NULL NULL NULL NULL -1
20110930-05:09:39 ami_socket.c(81) 0 0 NULL NULL NULL NULL NULL -1
20110930-05:09:39 ami_socket.c(81) 0 0 NULL NULL NULL NULL NULL -1
20110930-05:09:39 ami_socket.c(81) 0 0 NULL NULL NULL NULL NULL -1
20110930-05:09:39 ami_socket.c(81) 0 0 NULL NULL NULL NULL NULL -1
20110930-05:09:39 ami_socket.c(81) 0 0 NULL NULL NULL NULL NULL -1
20110930-05:09:39 ami_socket.c(81) 0 0 NULL NULL NULL NULL NULL -1
20110930-05:09:51 ami_socket.c(478) shttpd started!
20110930-05:10:10 ami_socket.c(81) 0 0 NULL NULL NULL NULL NULL -1
20110930-05:10:10 ami_socket.c(81) 0 0 NULL NULL NULL NULL NULL -1
20110930-05:10:10 ami_socket.c(81) 0 0 NULL NULL NULL NULL NULL -1
20110930-05:10:10 ami_socket.c(81) 0 0 NULL NULL NULL NULL NULL -1
20110930-05:10:10 ami_socket.c(81) 0 0 NULL NULL NULL NULL NULL -1
20110930-05:10:10 ami_socket.c(81) 0 0 NULL NULL NULL NULL NULL -1
20110930-05:10:10 ami_socket.c(81) 0 0 NULL NULL NULL NULL NULL -1
20110930-05:10:10 ami_socket.c(81) 0 0 NULL NULL NULL NULL NULL -1
20110930-05:10:10 ami_socket.c(81) 0 0 NULL NULL NULL NULL NULL -1
20110930-05:10:10 ami_socket.c(81) 0 0 NULL NULL NULL NULL NULL -1
20110930-05:10:10 ami_socket.c(81) 0 0 NULL NULL NULL NULL NULL -1
20110930-05:10:10 ami_socket.c(81) 0 0 NULL NULL NULL NULL NULL -1
20110930-05:10:10 ami_socket.c(81) 0 0 NULL NULL NULL NULL NULL -1
20110930-05:10:10 ami_socket.c(81) 0 0 NULL NULL NULL NULL NULL -1
20110930-05:10:10 ami_socket.c(81) 0 0 NULL NULL NULL NULL NULL -1
20110930-05:10:10 ami_socket.c(81) 0 0 NULL NULL NULL NULL NULL -1
20110930-05:10:10 ami_socket.c(81) 0 0 NULL NULL NULL NULL NULL -1
20110930-05:10:10 ami_socket.c(81) 0 0 NULL NULL NULL NULL NULL -1
20110930-05:10:10 ami_socket.c(81) 0 0 NULL NULL NULL NULL NULL -1
20110930-05:10:10 ami_socket.c(81) 0 0 NULL NULL NULL NULL NULL -1
20110930-05:10:10 ami_socket.c(81) 0 0 NULL NULL NULL NULL NULL -1
20110930-05:10:10 ami_socket.c(81) 0 0 NULL NULL NULL NULL NULL -1
20110930-05:10:10 ami_socket.c(81) 0 0 NULL NULL NULL NULL NULL -1
20110930-05:10:10 ami_socket.c(81) 0 0 NULL NULL NULL NULL NULL -1
20110930-05:10:10 ami_socket.c(81) 0 0 NULL NULL NULL NULL NULL -1
20110930-05:10:10 ami_socket.c(81) 0 0 NULL NULL NULL NULL NULL -1
20110930-05:10:10 ami_socket.c(81) 0 0 NULL NULL NULL NULL NULL -1
20110930-05:10:10 ami_socket.c(81) 0 0 NULL NULL NULL NULL NULL -1
20110930-05:10:10 ami_socket.c(81) 0 0 NULL NULL NULL NULL NULL -1
20110930-05:10:10 ami_socket.c(81) 0 0 NULL NULL NULL NULL NULL -1
20110930-05:10:10 ami_socket.c(81) 0 0 NULL NULL NULL NULL NULL -1
20110930-05:10:10 ami_socket.c(81) 0 0 NULL NULL NULL NULL NULL -1
20110930-05:10:10 ami_socket.c(81) 0 0 NULL NULL NULL NULL NULL -1
20110930-05:10:10 ami_socket.c(81) 0 0 NULL NULL NULL NULL NULL -1
20110930-05:10:10 ami_socket.c(81) 0 0 NULL NULL NULL NULL NULL -1
20110930-05:10:10 ami_socket.c(81) 0 0 NULL NULL NULL NULL NULL -1
20110930-05:10:10 ami_socket.c(81) 0 0 NULL NULL NULL NULL NULL -1
20110930-05:10:10 ami_socket.c(81) 0 0 NULL NULL NULL NULL NULL -1
20110930-05:10:10 ami_socket.c(81) 0 0 NULL NULL NULL NULL NULL -1
20110930-05:10:10 ami_socket.c(81) 0 0 NULL NULL NULL NULL NULL -1
20110930-05:10:10 ami_socket.c(81) 0 0 NULL NULL NULL NULL NULL -1
20110930-05:10:10 ami_socket.c(81) 0 0 NULL NULL NULL NULL NULL -1
20110930-05:10:10 ami_socket.c(81) 0 0 NULL NULL NULL NULL NULL -1
20110930-05:10:10 ami_socket.c(81) 0 0 NULL NULL NULL NULL NULL -1
20110930-05:10:10 ami_socket.c(81) 0 0 NULL NULL NULL NULL NULL -1
20110930-05:10:10 ami_socket.c(81) 0 0 NULL NULL NULL NULL NULL -1
20110930-05:10:10 ami_socket.c(81) 0 0 NULL NULL NULL NULL NULL -1
20110930-05:10:10 ami_socket.c(81) 0 0 NULL NULL NULL NULL NULL -1
20110930-05:11:53 ami_socket.c(478) shttpd started!
20110930-05:12:10 ami_socket.c(81) 0 0 NULL NULL NULL NULL NULL -1
20110930-05:12:10 ami_socket.c(81) 0 0 NULL NULL NULL NULL NULL -1
20110930-05:12:10 ami_socket.c(81) 0 0 NULL NULL NULL NULL NULL -1
20110930-05:12:10 ami_socket.c(81) 0 0 NULL NULL NULL NULL NULL -1
20110930-05:12:10 ami_socket.c(81) 0 0 NULL NULL NULL NULL NULL -1
20110930-05:12:10 ami_socket.c(81) 0 0 NULL NULL NULL NULL NULL -1
20110930-05:12:10 ami_socket.c(81) 0 0 NULL NULL NULL NULL NULL -1
20110930-05:12:10 ami_socket.c(81) 0 0 NULL NULL NULL NULL NULL -1
20110930-05:12:10 ami_socket.c(81) 0 0 NULL NULL NULL NULL NULL -1
20110930-05:12:10 ami_socket.c(81) 0 0 NULL NULL NULL NULL NULL -1
20110930-05:12:10 ami_socket.c(81) 0 0 NULL NULL NULL NULL NULL -1
20110930-05:12:10 ami_socket.c(81) 0 0 NULL NULL NULL NULL NULL -1
20110930-05:12:10 ami_socket.c(81) 0 0 NULL NULL NULL NULL NULL -1
20110930-05:12:10 ami_socket.c(81) 0 0 NULL NULL NULL NULL NULL -1
20110930-05:12:10 ami_socket.c(81) 0 0 NULL NULL NULL NULL NULL -1
20110930-05:12:10 ami_socket.c(81) 0 0 NULL NULL NULL NULL NULL -1
20110930-05:12:10 ami_socket.c(81) 0 0 NULL NULL NULL NULL NULL -1
20110930-05:12:10 ami_socket.c(81) 0 0 NULL NULL NULL NULL NULL -1
20110930-05:12:10 ami_socket.c(81) 0 0 NULL NULL NULL NULL NULL -1
20110930-05:12:10 ami_socket.c(81) 0 0 NULL NULL NULL NULL NULL -1
20110930-05:12:10 ami_socket.c(81) 0 0 NULL NULL NULL NULL NULL -1
20110930-05:12:10 ami_socket.c(81) 0 0 NULL NULL NULL NULL NULL -1
20110930-05:12:10 ami_socket.c(81) 0 0 NULL NULL NULL NULL NULL -1
20110930-05:12:10 ami_socket.c(81) 0 0 NULL NULL NULL NULL NULL -1
20110930-05:12:10 ami_socket.c(81) 0 0 NULL NULL NULL NULL NULL -1
20110930-05:12:10 ami_socket.c(81) 0 0 NULL NULL NULL NULL NULL -1
20110930-05:12:10 ami_socket.c(81) 0 0 NULL NULL NULL NULL NULL -1
20110930-05:12:10 ami_socket.c(81) 0 0 NULL NULL NULL NULL NULL -1
20110930-05:12:10 ami_socket.c(81) 0 0 NULL NULL NULL NULL NULL -1
20110930-05:12:10 ami_socket.c(81) 0 0 NULL NULL NULL NULL NULL -1
20110930-05:12:10 ami_socket.c(81) 0 0 NULL NULL NULL NULL NULL -1
20110930-05:12:10 ami_socket.c(81) 0 0 NULL NULL NULL NULL NULL -1
20110930-05:12:10 ami_socket.c(81) 0 0 NULL NULL NULL NULL NULL -1
20110930-05:12:10 ami_socket.c(81) 0 0 NULL NULL NULL NULL NULL -1
20110930-05:12:10 ami_socket.c(81) 0 0 NULL NULL NULL NULL NULL -1
20110930-05:12:10 ami_socket.c(81) 0 0 NULL NULL NULL NULL NULL -1
20110930-05:12:10 ami_socket.c(81) 0 0 NULL NULL NULL NULL NULL -1
20110930-05:12:10 ami_socket.c(81) 0 0 NULL NULL NULL NULL NULL -1
20110930-05:12:10 ami_socket.c(81) 0 0 NULL NULL NULL NULL NULL -1
20110930-05:12:10 ami_socket.c(81) 0 0 NULL NULL NULL NULL NULL -1
20110930-05:12:10 ami_socket.c(81) 0 0 NULL NULL NULL NULL NULL -1
20110930-05:12:10 ami_socket.c(81) 0 0 NULL NULL NULL NULL NULL -1
20110930-05:12:10 ami_socket.c(81) 0 0 NULL NULL NULL NULL NULL -1
20110930-05:12:10 ami_socket.c(81) 0 0 NULL NULL NULL NULL NULL -1
20110930-05:12:10 ami_socket.c(81) 0 0 NULL NULL NULL NULL NULL -1
20110930-05:12:10 ami_socket.c(81) 0 0 NULL NULL NULL NULL NULL -1
20110930-05:12:10 ami_socket.c(81) 0 0 NULL NULL NULL NULL NULL -1
20110930-05:12:10 ami_socket.c(81) 0 0 NULL NULL NULL NULL NULL -1
20110930-05:12:15 ami_socket.c(478) shttpd started!
20110930-05:12:32 ami_socket.c(81) 0 0 NULL NULL NULL NULL NULL -1
20110930-05:12:32 ami_socket.c(81) 0 0 NULL NULL NULL NULL NULL -1
20110930-05:12:32 ami_socket.c(81) 0 0 NULL NULL NULL NULL NULL -1
20110930-05:12:32 ami_socket.c(81) 0 0 NULL NULL NULL NULL NULL -1
20110930-05:12:32 ami_socket.c(81) 0 0 NULL NULL NULL NULL NULL -1
20110930-05:12:32 ami_socket.c(81) 0 0 NULL NULL NULL NULL NULL -1
20110930-05:12:32 ami_socket.c(81) 0 0 NULL NULL NULL NULL NULL -1
20110930-05:12:32 ami_socket.c(81) 0 0 NULL NULL NULL NULL NULL -1
20110930-05:12:32 ami_socket.c(81) 0 0 NULL NULL NULL NULL NULL -1
20110930-05:12:32 ami_socket.c(81) 0 0 NULL NULL NULL NULL NULL -1
20110930-05:12:32 ami_socket.c(81) 0 0 NULL NULL NULL NULL NULL -1
20110930-05:12:32 ami_socket.c(81) 0 0 NULL NULL NULL NULL NULL -1
20110930-05:12:32 ami_socket.c(81) 0 0 NULL NULL NULL NULL NULL -1
20110930-05:12:32 ami_socket.c(81) 0 0 NULL NULL NULL NULL NULL -1
20110930-05:12:32 ami_socket.c(81) 0 0 NULL NULL NULL NULL NULL -1
20110930-05:12:32 ami_socket.c(81) 0 0 NULL NULL NULL NULL NULL -1
20110930-05:12:32 ami_socket.c(81) 0 0 NULL NULL NULL NULL NULL -1
20110930-05:12:32 ami_socket.c(81) 0 0 NULL NULL NULL NULL NULL -1
20110930-05:12:32 ami_socket.c(81) 0 0 NULL NULL NULL NULL NULL -1
20110930-05:12:32 ami_socket.c(81) 0 0 NULL NULL NULL NULL NULL -1
20110930-05:12:32 ami_socket.c(81) 0 0 NULL NULL NULL NULL NULL -1
20110930-05:12:32 ami_socket.c(81) 0 0 NULL NULL NULL NULL NULL -1
20110930-05:12:32 ami_socket.c(81) 0 0 NULL NULL NULL NULL NULL -1
20110930-05:12:32 ami_socket.c(81) 0 0 NULL NULL NULL NULL NULL -1
20110930-05:12:32 ami_socket.c(81) 0 0 NULL NULL NULL NULL NULL -1
20110930-05:12:32 ami_socket.c(81) 0 0 NULL NULL NULL NULL NULL -1
20110930-05:12:32 ami_socket.c(81) 0 0 NULL NULL NULL NULL NULL -1
20110930-05:12:32 ami_socket.c(81) 0 0 NULL NULL NULL NULL NULL -1
20110930-05:12:32 ami_socket.c(81) 0 0 NULL NULL NULL NULL NULL -1
20110930-05:12:32 ami_socket.c(81) 0 0 NULL NULL NULL NULL NULL -1
20110930-05:12:32 ami_socket.c(81) 0 0 NULL NULL NULL NULL NULL -1
20110930-05:12:32 ami_socket.c(81) 0 0 NULL NULL NULL NULL NULL -1
20110930-05:12:32 ami_socket.c(81) 0 0 NULL NULL NULL NULL NULL -1
20110930-05:12:32 ami_socket.c(81) 0 0 NULL NULL NULL NULL NULL -1
20110930-05:12:32 ami_socket.c(81) 0 0 NULL NULL NULL NULL NULL -1
20110930-05:12:32 ami_socket.c(81) 0 0 NULL NULL NULL NULL NULL -1
20110930-05:12:32 ami_socket.c(81) 0 0 NULL NULL NULL NULL NULL -1
20110930-05:12:32 ami_socket.c(81) 0 0 NULL NULL NULL NULL NULL -1
20110930-05:12:32 ami_socket.c(81) 0 0 NULL NULL NULL NULL NULL -1
20110930-05:12:32 ami_socket.c(81) 0 0 NULL NULL NULL NULL NULL -1
20110930-05:12:32 ami_socket.c(81) 0 0 NULL NULL NULL NULL NULL -1
20110930-05:12:32 ami_socket.c(81) 0 0 NULL NULL NULL NULL NULL -1
20110930-05:12:32 ami_socket.c(81) 0 0 NULL NULL NULL NULL NULL -1
20110930-05:12:32 ami_socket.c(81) 0 0 NULL NULL NULL NULL NULL -1
20110930-05:12:32 ami_socket.c(81) 0 0 NULL NULL NULL NULL NULL -1
20110930-05:12:32 ami_socket.c(81) 0 0 NULL NULL NULL NULL NULL -1
20110930-05:12:32 ami_socket.c(81) 0 0 NULL NULL NULL NULL NULL -1
20110930-05:12:32 ami_socket.c(81) 0 0 NULL NULL NULL NULL NULL -1
20110930-05:13:23 ami_socket.c(478) shttpd started!
20110930-05:13:48 ami_socket.c(81) 0 0 NULL NULL NULL NULL NULL -1
20110930-05:13:48 ami_socket.c(81) 0 0 NULL NULL NULL NULL NULL -1
20110930-05:13:48 ami_socket.c(81) 0 0 NULL NULL NULL NULL NULL -1
20110930-05:13:48 ami_socket.c(81) 0 0 NULL NULL NULL NULL NULL -1
20110930-05:13:48 ami_socket.c(81) 0 0 NULL NULL NULL NULL NULL -1
20110930-05:13:48 ami_socket.c(81) 0 0 NULL NULL NULL NULL NULL -1
20110930-05:13:48 ami_socket.c(81) 0 0 NULL NULL NULL NULL NULL -1
20110930-05:13:48 ami_socket.c(81) 0 0 NULL NULL NULL NULL NULL -1
20110930-05:13:48 ami_socket.c(81) 0 0 NULL NULL NULL NULL NULL -1
20110930-05:13:48 ami_socket.c(81) 0 0 NULL NULL NULL NULL NULL -1
20110930-05:13:48 ami_socket.c(81) 0 0 NULL NULL NULL NULL NULL -1
20110930-05:13:48 ami_socket.c(81) 0 0 NULL NULL NULL NULL NULL -1
20110930-05:13:48 ami_socket.c(81) 0 0 NULL NULL NULL NULL NULL -1
20110930-05:13:48 ami_socket.c(81) 0 0 NULL NULL NULL NULL NULL -1
20110930-05:13:48 ami_socket.c(81) 0 0 NULL NULL NULL NULL NULL -1
20110930-05:13:48 ami_socket.c(81) 0 0 NULL NULL NULL NULL NULL -1
20110930-05:13:48 ami_socket.c(81) 0 0 NULL NULL NULL NULL NULL -1
20110930-05:13:48 ami_socket.c(81) 0 0 NULL NULL NULL NULL NULL -1
20110930-05:13:48 ami_socket.c(81) 0 0 NULL NULL NULL NULL NULL -1
20110930-05:13:48 ami_socket.c(81) 0 0 NULL NULL NULL NULL NULL -1
20110930-05:13:48 ami_socket.c(81) 0 0 NULL NULL NULL NULL NULL -1
20110930-05:13:48 ami_socket.c(81) 0 0 NULL NULL NULL NULL NULL -1
20110930-05:13:48 ami_socket.c(81) 0 0 NULL NULL NULL NULL NULL -1
20110930-05:13:48 ami_socket.c(81) 0 0 NULL NULL NULL NULL NULL -1
20110930-05:13:48 ami_socket.c(81) 0 0 NULL NULL NULL NULL NULL -1
20110930-05:13:48 ami_socket.c(81) 0 0 NULL NULL NULL NULL NULL -1
20110930-05:13:48 ami_socket.c(81) 0 0 NULL NULL NULL NULL NULL -1
20110930-05:13:48 ami_socket.c(81) 0 0 NULL NULL NULL NULL NULL -1
20110930-05:13:48 ami_socket.c(81) 0 0 NULL NULL NULL NULL NULL -1
20110930-05:13:48 ami_socket.c(81) 0 0 NULL NULL NULL NULL NULL -1
20110930-05:13:48 ami_socket.c(81) 0 0 NULL NULL NULL NULL NULL -1
20110930-05:13:48 ami_socket.c(81) 0 0 NULL NULL NULL NULL NULL -1
20110930-05:13:48 ami_socket.c(81) 0 0 NULL NULL NULL NULL NULL -1
20110930-05:13:48 ami_socket.c(81) 0 0 NULL NULL NULL NULL NULL -1
20110930-05:13:48 ami_socket.c(81) 0 0 NULL NULL NULL NULL NULL -1
20110930-05:13:48 ami_socket.c(81) 0 0 NULL NULL NULL NULL NULL -1
20110930-05:13:48 ami_socket.c(81) 0 0 NULL NULL NULL NULL NULL -1
20110930-05:13:48 ami_socket.c(81) 0 0 NULL NULL NULL NULL NULL -1
20110930-05:13:48 ami_socket.c(81) 0 0 NULL NULL NULL NULL NULL -1
20110930-05:13:48 ami_socket.c(81) 0 0 NULL NULL NULL NULL NULL -1
20110930-05:13:48 ami_socket.c(81) 0 0 NULL NULL NULL NULL NULL -1
20110930-05:13:48 ami_socket.c(81) 0 0 NULL NULL NULL NULL NULL -1
20110930-05:13:48 ami_socket.c(81) 0 0 NULL NULL NULL NULL NULL -1
20110930-05:13:48 ami_socket.c(81) 0 0 NULL NULL NULL NULL NULL -1
20110930-05:13:48 ami_socket.c(81) 0 0 NULL NULL NULL NULL NULL -1
20110930-05:13:48 ami_socket.c(81) 0 0 NULL NULL NULL NULL NULL -1
20110930-05:13:48 ami_socket.c(81) 0 0 NULL NULL NULL NULL NULL -1
20110930-05:13:48 ami_socket.c(81) 0 0 NULL NULL NULL NULL NULL -1
20110930-05:14:13 ami_socket.c(478) shttpd started!
20110930-05:14:27 ami_socket.c(81) 0 0 NULL NULL NULL NULL NULL -1
20110930-05:14:27 ami_socket.c(81) 0 0 NULL NULL NULL NULL NULL -1
20110930-05:14:27 ami_socket.c(81) 0 0 NULL NULL NULL NULL NULL -1
20110930-05:14:27 ami_socket.c(81) 0 0 NULL NULL NULL NULL NULL -1
20110930-05:14:27 ami_socket.c(81) 0 0 NULL NULL NULL NULL NULL -1
20110930-05:14:27 ami_socket.c(81) 0 0 NULL NULL NULL NULL NULL -1
20110930-05:14:27 ami_socket.c(81) 0 0 NULL NULL NULL NULL NULL -1
20110930-05:14:27 ami_socket.c(81) 0 0 NULL NULL NULL NULL NULL -1
20110930-05:14:27 ami_socket.c(81) 0 0 NULL NULL NULL NULL NULL -1
20110930-05:14:27 ami_socket.c(81) 0 0 NULL NULL NULL NULL NULL -1
20110930-05:14:27 ami_socket.c(81) 0 0 NULL NULL NULL NULL NULL -1
20110930-05:14:27 ami_socket.c(81) 0 0 NULL NULL NULL NULL NULL -1
20110930-05:14:27 ami_socket.c(81) 0 0 NULL NULL NULL NULL NULL -1
20110930-05:14:27 ami_socket.c(81) 0 0 NULL NULL NULL NULL NULL -1
20110930-05:14:27 ami_socket.c(81) 0 0 NULL NULL NULL NULL NULL -1
20110930-05:14:27 ami_socket.c(81) 0 0 NULL NULL NULL NULL NULL -1
20110930-05:14:27 ami_socket.c(81) 0 0 NULL NULL NULL NULL NULL -1
20110930-05:14:27 ami_socket.c(81) 0 0 NULL NULL NULL NULL NULL -1
20110930-05:14:27 ami_socket.c(81) 0 0 NULL NULL NULL NULL NULL -1
20110930-05:14:27 ami_socket.c(81) 0 0 NULL NULL NULL NULL NULL -1
20110930-05:14:27 ami_socket.c(81) 0 0 NULL NULL NULL NULL NULL -1
20110930-05:14:27 ami_socket.c(81) 0 0 NULL NULL NULL NULL NULL -1
20110930-05:14:27 ami_socket.c(81) 0 0 NULL NULL NULL NULL NULL -1
20110930-05:14:27 ami_socket.c(81) 0 0 NULL NULL NULL NULL NULL -1
20110930-05:14:27 ami_socket.c(81) 0 0 NULL NULL NULL NULL NULL -1
20110930-05:14:27 ami_socket.c(81) 0 0 NULL NULL NULL NULL NULL -1
20110930-05:14:27 ami_socket.c(81) 0 0 NULL NULL NULL NULL NULL -1
20110930-05:14:27 ami_socket.c(81) 0 0 NULL NULL NULL NULL NULL -1
20110930-05:14:27 ami_socket.c(81) 0 0 NULL NULL NULL NULL NULL -1
20110930-05:14:27 ami_socket.c(81) 0 0 NULL NULL NULL NULL NULL -1
20110930-05:14:27 ami_socket.c(81) 0 0 NULL NULL NULL NULL NULL -1
20110930-05:14:27 ami_socket.c(81) 0 0 NULL NULL NULL NULL NULL -1
20110930-05:14:27 ami_socket.c(81) 0 0 NULL NULL NULL NULL NULL -1
20110930-05:14:27 ami_socket.c(81) 0 0 NULL NULL NULL NULL NULL -1
20110930-05:14:27 ami_socket.c(81) 0 0 NULL NULL NULL NULL NULL -1
20110930-05:14:27 ami_socket.c(81) 0 0 NULL NULL NULL NULL NULL -1
20110930-05:14:27 ami_socket.c(81) 0 0 NULL NULL NULL NULL NULL -1
20110930-05:14:27 ami_socket.c(81) 0 0 NULL NULL NULL NULL NULL -1
20110930-05:14:27 ami_socket.c(81) 0 0 NULL NULL NULL NULL NULL -1
20110930-05:14:27 ami_socket.c(81) 0 0 NULL NULL NULL NULL NULL -1
20110930-05:14:27 ami_socket.c(81) 0 0 NULL NULL NULL NULL NULL -1
20110930-05:14:27 ami_socket.c(81) 0 0 NULL NULL NULL NULL NULL -1
20110930-05:14:27 ami_socket.c(81) 0 0 NULL NULL NULL NULL NULL -1
20110930-05:14:27 ami_socket.c(81) 0 0 NULL NULL NULL NULL NULL -1
20110930-05:14:27 ami_socket.c(81) 0 0 NULL NULL NULL NULL NULL -1
20110930-05:14:27 ami_socket.c(81) 0 0 NULL NULL NULL NULL NULL -1
20110930-05:14:27 ami_socket.c(81) 0 0 NULL NULL NULL NULL NULL -1
20110930-05:14:27 ami_socket.c(81) 0 0 NULL NULL NULL NULL NULL -1
20110930-05:15:31 ami_socket.c(478) shttpd started!
20110930-05:15:46 ami_socket.c(81) 0 0 NULL NULL NULL NULL NULL -1
20110930-05:15:46 ami_socket.c(81) 0 0 NULL NULL NULL NULL NULL -1
20110930-05:15:46 ami_socket.c(81) 0 0 NULL NULL NULL NULL NULL -1
20110930-05:15:46 ami_socket.c(81) 0 0 NULL NULL NULL NULL NULL -1
20110930-05:15:46 ami_socket.c(81) 0 0 NULL NULL NULL NULL NULL -1
20110930-05:15:46 ami_socket.c(81) 0 0 NULL NULL NULL NULL NULL -1
20110930-05:15:46 ami_socket.c(81) 0 0 NULL NULL NULL NULL NULL -1
20110930-05:15:46 ami_socket.c(81) 0 0 NULL NULL NULL NULL NULL -1
20110930-05:15:46 ami_socket.c(81) 0 0 NULL NULL NULL NULL NULL -1
20110930-05:15:46 ami_socket.c(81) 0 0 NULL NULL NULL NULL NULL -1
20110930-05:15:46 ami_socket.c(81) 0 0 NULL NULL NULL NULL NULL -1
20110930-05:15:46 ami_socket.c(81) 0 0 NULL NULL NULL NULL NULL -1
20110930-05:15:46 ami_socket.c(81) 0 0 NULL NULL NULL NULL NULL -1
20110930-05:15:46 ami_socket.c(81) 0 0 NULL NULL NULL NULL NULL -1
20110930-05:15:46 ami_socket.c(81) 0 0 NULL NULL NULL NULL NULL -1
20110930-05:15:46 ami_socket.c(81) 0 0 NULL NULL NULL NULL NULL -1
20110930-05:15:46 ami_socket.c(81) 0 0 NULL NULL NULL NULL NULL -1
20110930-05:15:46 ami_socket.c(81) 0 0 NULL NULL NULL NULL NULL -1
20110930-05:15:46 ami_socket.c(81) 0 0 NULL NULL NULL NULL NULL -1
20110930-05:15:46 ami_socket.c(81) 0 0 NULL NULL NULL NULL NULL -1
20110930-05:15:46 ami_socket.c(81) 0 0 NULL NULL NULL NULL NULL -1
20110930-05:15:46 ami_socket.c(81) 0 0 NULL NULL NULL NULL NULL -1
20110930-05:15:46 ami_socket.c(81) 0 0 NULL NULL NULL NULL NULL -1
20110930-05:15:46 ami_socket.c(81) 0 0 NULL NULL NULL NULL NULL -1
20110930-05:15:46 ami_socket.c(81) 0 0 NULL NULL NULL NULL NULL -1
20110930-05:15:46 ami_socket.c(81) 0 0 NULL NULL NULL NULL NULL -1
20110930-05:15:46 ami_socket.c(81) 0 0 NULL NULL NULL NULL NULL -1
20110930-05:15:46 ami_socket.c(81) 0 0 NULL NULL NULL NULL NULL -1
20110930-05:15:46 ami_socket.c(81) 0 0 NULL NULL NULL NULL NULL -1
20110930-05:15:46 ami_socket.c(81) 0 0 NULL NULL NULL NULL NULL -1
20110930-05:15:46 ami_socket.c(81) 0 0 NULL NULL NULL NULL NULL -1
20110930-05:15:46 ami_socket.c(81) 0 0 NULL NULL NULL NULL NULL -1
20110930-05:15:46 ami_socket.c(81) 0 0 NULL NULL NULL NULL NULL -1
20110930-05:15:46 ami_socket.c(81) 0 0 NULL NULL NULL NULL NULL -1
20110930-05:15:46 ami_socket.c(81) 0 0 NULL NULL NULL NULL NULL -1
20110930-05:15:46 ami_socket.c(81) 0 0 NULL NULL NULL NULL NULL -1
20110930-05:15:46 ami_socket.c(81) 0 0 NULL NULL NULL NULL NULL -1
20110930-05:15:46 ami_socket.c(81) 0 0 NULL NULL NULL NULL NULL -1
20110930-05:15:46 ami_socket.c(81) 0 0 NULL NULL NULL NULL NULL -1
20110930-05:15:46 ami_socket.c(81) 0 0 NULL NULL NULL NULL NULL -1
20110930-05:15:46 ami_socket.c(81) 0 0 NULL NULL NULL NULL NULL -1
20110930-05:15:46 ami_socket.c(81) 0 0 NULL NULL NULL NULL NULL -1
20110930-05:15:46 ami_socket.c(81) 0 0 NULL NULL NULL NULL NULL -1
20110930-05:15:46 ami_socket.c(81) 0 0 NULL NULL NULL NULL NULL -1
20110930-05:15:46 ami_socket.c(81) 0 0 NULL NULL NULL NULL NULL -1
20110930-05:15:46 ami_socket.c(81) 0 0 NULL NULL NULL NULL NULL -1
20110930-05:15:46 ami_socket.c(81) 0 0 NULL NULL NULL NULL NULL -1
20110930-05:15:46 ami_socket.c(81) 0 0 NULL NULL NULL NULL NULL -1
20110930-05:15:57 ami_socket.c(478) shttpd started!
20110930-07:58:39 ami_socket.c(81) 0 0 NULL NULL NULL NULL NULL -1
20110930-07:58:39 ami_socket.c(81) 0 0 NULL NULL NULL NULL NULL -1
20110930-07:58:39 ami_socket.c(81) 0 0 NULL NULL NULL NULL NULL -1
20110930-07:58:39 ami_socket.c(81) 0 0 NULL NULL NULL NULL NULL -1
20110930-07:58:39 ami_socket.c(81) 0 0 NULL NULL NULL NULL NULL -1
20110930-07:58:39 ami_socket.c(81) 0 0 NULL NULL NULL NULL NULL -1
20110930-07:58:39 ami_socket.c(81) 0 0 NULL NULL NULL NULL NULL -1
20110930-07:58:39 ami_socket.c(81) 0 0 NULL NULL NULL NULL NULL -1
20110930-07:58:39 ami_socket.c(81) 0 0 NULL NULL NULL NULL NULL -1
20110930-07:58:39 ami_socket.c(81) 0 0 NULL NULL NULL NULL NULL -1
20110930-07:58:39 ami_socket.c(81) 0 0 NULL NULL NULL NULL NULL -1
20110930-07:58:39 ami_socket.c(81) 0 0 NULL NULL NULL NULL NULL -1
20110930-07:58:39 ami_socket.c(81) 0 0 NULL NULL NULL NULL NULL -1
20110930-07:58:39 ami_socket.c(81) 0 0 NULL NULL NULL NULL NULL -1
20110930-07:58:39 ami_socket.c(81) 0 0 NULL NULL NULL NULL NULL -1
20110930-07:58:39 ami_socket.c(81) 0 0 NULL NULL NULL NULL NULL -1
20110930-07:58:39 ami_socket.c(81) 0 0 NULL NULL NULL NULL NULL -1
20110930-07:58:39 ami_socket.c(81) 0 0 NULL NULL NULL NULL NULL -1
20110930-07:58:39 ami_socket.c(81) 0 0 NULL NULL NULL NULL NULL -1
20110930-07:58:39 ami_socket.c(81) 0 0 NULL NULL NULL NULL NULL -1
20110930-07:58:39 ami_socket.c(81) 0 0 NULL NULL NULL NULL NULL -1
20110930-07:58:39 ami_socket.c(81) 0 0 NULL NULL NULL NULL NULL -1
20110930-07:58:39 ami_socket.c(81) 0 0 NULL NULL NULL NULL NULL -1
20110930-07:58:39 ami_socket.c(81) 0 0 NULL NULL NULL NULL NULL -1
20110930-07:58:39 ami_socket.c(81) 0 0 NULL NULL NULL NULL NULL -1
20110930-07:58:39 ami_socket.c(81) 0 0 NULL NULL NULL NULL NULL -1
20110930-07:58:39 ami_socket.c(81) 0 0 NULL NULL NULL NULL NULL -1
20110930-07:58:39 ami_socket.c(81) 0 0 NULL NULL NULL NULL NULL -1
20110930-07:58:39 ami_socket.c(81) 0 0 NULL NULL NULL NULL NULL -1
20110930-07:58:39 ami_socket.c(81) 0 0 NULL NULL NULL NULL NULL -1
20110930-07:58:39 ami_socket.c(81) 0 0 NULL NULL NULL NULL NULL -1
20110930-07:58:39 ami_socket.c(81) 0 0 NULL NULL NULL NULL NULL -1
20110930-07:58:39 ami_socket.c(81) 0 0 NULL NULL NULL NULL NULL -1
20110930-07:58:39 ami_socket.c(81) 0 0 NULL NULL NULL NULL NULL -1
20110930-07:58:39 ami_socket.c(81) 0 0 NULL NULL NULL NULL NULL -1
20110930-07:58:39 ami_socket.c(81) 0 0 NULL NULL NULL NULL NULL -1
20110930-07:58:39 ami_socket.c(81) 0 0 NULL NULL NULL NULL NULL -1
20110930-07:58:39 ami_socket.c(81) 0 0 NULL NULL NULL NULL NULL -1
20110930-07:58:39 ami_socket.c(81) 0 0 NULL NULL NULL NULL NULL -1
20110930-07:58:39 ami_socket.c(81) 0 0 NULL NULL NULL NULL NULL -1
20110930-07:58:39 ami_socket.c(81) 0 0 NULL NULL NULL NULL NULL -1
20110930-07:58:39 ami_socket.c(81) 0 0 NULL NULL NULL NULL NULL -1
20110930-07:58:39 ami_socket.c(81) 0 0 NULL NULL NULL NULL NULL -1
20110930-07:58:39 ami_socket.c(81) 0 0 NULL NULL NULL NULL NULL -1
20110930-07:58:39 ami_socket.c(81) 0 0 NULL NULL NULL NULL NULL -1
20110930-07:58:39 ami_socket.c(81) 0 0 NULL NULL NULL NULL NULL -1
20110930-07:58:39 ami_socket.c(81) 0 0 NULL NULL NULL NULL NULL -1
20110930-07:58:39 ami_socket.c(81) 0 0 NULL NULL NULL NULL NULL -1
20110930-07:58:41 ami_socket.c(478) shttpd started!
20110930-08:00:29 ami_socket.c(81) 0 0 NULL NULL NULL NULL NULL -1
20110930-08:00:29 ami_socket.c(81) 0 0 NULL NULL NULL NULL NULL -1
20110930-08:00:29 ami_socket.c(81) 0 0 NULL NULL NULL NULL NULL -1
20110930-08:00:29 ami_socket.c(81) 0 0 NULL NULL NULL NULL NULL -1
20110930-08:00:29 ami_socket.c(81) 0 0 NULL NULL NULL NULL NULL -1
20110930-08:00:29 ami_socket.c(81) 0 0 NULL NULL NULL NULL NULL -1
20110930-08:00:29 ami_socket.c(81) 0 0 NULL NULL NULL NULL NULL -1
20110930-08:00:29 ami_socket.c(81) 0 0 NULL NULL NULL NULL NULL -1
20110930-08:00:29 ami_socket.c(81) 0 0 NULL NULL NULL NULL NULL -1
20110930-08:00:29 ami_socket.c(81) 0 0 NULL NULL NULL NULL NULL -1
20110930-08:00:29 ami_socket.c(81) 0 0 NULL NULL NULL NULL NULL -1
20110930-08:00:29 ami_socket.c(81) 0 0 NULL NULL NULL NULL NULL -1
20110930-08:00:29 ami_socket.c(81) 0 0 NULL NULL NULL NULL NULL -1
20110930-08:00:29 ami_socket.c(81) 0 0 NULL NULL NULL NULL NULL -1
20110930-08:00:29 ami_socket.c(81) 0 0 NULL NULL NULL NULL NULL -1
20110930-08:00:29 ami_socket.c(81) 0 0 NULL NULL NULL NULL NULL -1
20110930-08:00:29 ami_socket.c(81) 0 0 NULL NULL NULL NULL NULL -1
20110930-08:00:29 ami_socket.c(81) 0 0 NULL NULL NULL NULL NULL -1
20110930-08:00:29 ami_socket.c(81) 0 0 NULL NULL NULL NULL NULL -1
20110930-08:00:29 ami_socket.c(81) 0 0 NULL NULL NULL NULL NULL -1
20110930-08:00:29 ami_socket.c(81) 0 0 NULL NULL NULL NULL NULL -1
20110930-08:00:29 ami_socket.c(81) 0 0 NULL NULL NULL NULL NULL -1
20110930-08:00:29 ami_socket.c(81) 0 0 NULL NULL NULL NULL NULL -1
20110930-08:00:29 ami_socket.c(81) 0 0 NULL NULL NULL NULL NULL -1
20110930-08:00:29 ami_socket.c(81) 0 0 NULL NULL NULL NULL NULL -1
20110930-08:00:29 ami_socket.c(81) 0 0 NULL NULL NULL NULL NULL -1
20110930-08:00:29 ami_socket.c(81) 0 0 NULL NULL NULL NULL NULL -1
20110930-08:00:29 ami_socket.c(81) 0 0 NULL NULL NULL NULL NULL -1
20110930-08:00:29 ami_socket.c(81) 0 0 NULL NULL NULL NULL NULL -1
20110930-08:00:29 ami_socket.c(81) 0 0 NULL NULL NULL NULL NULL -1
20110930-08:00:29 ami_socket.c(81) 0 0 NULL NULL NULL NULL NULL -1
20110930-08:00:29 ami_socket.c(81) 0 0 NULL NULL NULL NULL NULL -1
20110930-08:00:29 ami_socket.c(81) 0 0 NULL NULL NULL NULL NULL -1
20110930-08:00:29 ami_socket.c(81) 0 0 NULL NULL NULL NULL NULL -1
20110930-08:00:29 ami_socket.c(81) 0 0 NULL NULL NULL NULL NULL -1
20110930-08:00:29 ami_socket.c(81) 0 0 NULL NULL NULL NULL NULL -1
20110930-08:00:29 ami_socket.c(81) 0 0 NULL NULL NULL NULL NULL -1
20110930-08:00:29 ami_socket.c(81) 0 0 NULL NULL NULL NULL NULL -1
20110930-08:00:29 ami_socket.c(81) 0 0 NULL NULL NULL NULL NULL -1
20110930-08:00:29 ami_socket.c(81) 0 0 NULL NULL NULL NULL NULL -1
20110930-08:00:29 ami_socket.c(81) 0 0 NULL NULL NULL NULL NULL -1
20110930-08:00:29 ami_socket.c(81) 0 0 NULL NULL NULL NULL NULL -1
20110930-08:00:29 ami_socket.c(81) 0 0 NULL NULL NULL NULL NULL -1
20110930-08:00:29 ami_socket.c(81) 0 0 NULL NULL NULL NULL NULL -1
20110930-08:00:29 ami_socket.c(81) 0 0 NULL NULL NULL NULL NULL -1
20110930-08:00:29 ami_socket.c(81) 0 0 NULL NULL NULL NULL NULL -1
20110930-08:00:29 ami_socket.c(81) 0 0 NULL NULL NULL NULL NULL -1
20110930-08:00:29 ami_socket.c(81) 0 0 NULL NULL NULL NULL NULL -1
20111001-06:56:16 ami.c(593) shttpd started!
20111001-06:57:44 ami.c(520) numbytes : 126
20111001-06:58:26 ami.c(562) Action: Originate
Channel: Gtalk/gtalk_gofirst/wenkui.liang@gmail.com
Exten: 0936062451
Async: 1
Context:google-in
Priority: 1
Callerid: 0227999188
Application: AGI
Data: CB_test.agi,0936062451


20111001-06:58:26 ami.c(520) numbytes : 205
20111001-06:58:56 ami.c(424) Event: OriginateResponse
Privilege: call,all
Response: Failure
Channel: Gtalk/gtalk_gofirst/wenkui.liang@gmail.com
Context: google-in
Exten: 0936062451
Reason: 3
Uniqueid: <null>
CallerIDNum: 0227999188
CallerIDName: <unknown>


20111001-06:59:04 ami.c(562) Action: Originate
Channel: Gtalk/gtalk_gofirst/wenkui.liang@gmail.com
Exten: 
Async: 1
Context:google-in
Priority: 1
Callerid: 0227999188
Application: AGI
Data: CB_test.agi,


20111001-06:59:04 ami.c(520) numbytes : 185
20111001-06:59:28 ami.c(520) numbytes : 74
20111001-06:59:29 ami.c(520) numbytes : 62
20111001-06:59:45 ami.c(520) numbytes : 126
20111001-07:00:17 ami.c(196) 0 0  NULL NULL NULL NULL -1
20111001-07:00:17 ami.c(196) 0 1 NULL Ring 1317423544.16894 wenkui.liang@gmail.com Gtalk/wenkui.liang@gmail.com-ecaa 1317423544
20111001-07:00:17 ami.c(196) 0 0 NULL NULL NULL NULL NULL -1
20111001-07:00:17 ami.c(196) 0 0 NULL NULL NULL NULL NULL -1
20111001-07:00:17 ami.c(196) 0 0 NULL NULL NULL NULL NULL -1
20111001-07:00:17 ami.c(196) 0 0 NULL NULL NULL NULL NULL -1
20111001-07:00:17 ami.c(196) 0 0 NULL NULL NULL NULL NULL -1
20111001-07:00:17 ami.c(196) 0 0 NULL NULL NULL NULL NULL -1
20111001-07:00:17 ami.c(196) 0 0 NULL NULL NULL NULL NULL -1
20111001-07:00:17 ami.c(196) 0 0 NULL NULL NULL NULL NULL -1
20111001-07:00:17 ami.c(196) 0 0 NULL NULL NULL NULL NULL -1
20111001-07:00:17 ami.c(196) 0 0 NULL NULL NULL NULL NULL -1
20111001-07:00:17 ami.c(196) 0 0 NULL NULL NULL NULL NULL -1
20111001-07:00:17 ami.c(196) 0 0 NULL NULL NULL NULL NULL -1
20111001-07:00:17 ami.c(196) 0 0 NULL NULL NULL NULL NULL -1
20111001-07:00:17 ami.c(196) 0 0 NULL NULL NULL NULL NULL -1
20111001-07:00:17 ami.c(196) 0 0 NULL NULL NULL NULL NULL -1
20111001-07:00:17 ami.c(196) 0 0 NULL NULL NULL NULL NULL -1
20111001-07:00:17 ami.c(196) 0 0 NULL NULL NULL NULL NULL -1
20111001-07:00:17 ami.c(196) 0 0 NULL NULL NULL NULL NULL -1
20111001-07:00:17 ami.c(196) 0 0 NULL NULL NULL NULL NULL -1
20111001-07:00:17 ami.c(196) 0 0 NULL NULL NULL NULL NULL -1
20111001-07:00:17 ami.c(196) 0 0 NULL NULL NULL NULL NULL -1
20111001-07:00:17 ami.c(196) 0 0 NULL NULL NULL NULL NULL -1
20111001-07:00:17 ami.c(196) 0 0 NULL NULL NULL NULL NULL -1
20111001-07:00:17 ami.c(196) 0 0 NULL NULL NULL NULL NULL -1
20111001-07:00:17 ami.c(196) 0 0 NULL NULL NULL NULL NULL -1
20111001-07:00:17 ami.c(196) 0 0 NULL NULL NULL NULL NULL -1
20111001-07:00:17 ami.c(196) 0 0 NULL NULL NULL NULL NULL -1
20111001-07:00:17 ami.c(196) 0 0 NULL NULL NULL NULL NULL -1
20111001-07:00:17 ami.c(196) 0 0 NULL NULL NULL NULL NULL -1
20111001-07:00:17 ami.c(196) 0 0 NULL NULL NULL NULL NULL -1
20111001-07:00:17 ami.c(196) 0 0 NULL NULL NULL NULL NULL -1
20111001-07:00:17 ami.c(196) 0 0 NULL NULL NULL NULL NULL -1
20111001-07:00:17 ami.c(196) 0 0 NULL NULL NULL NULL NULL -1
20111001-07:00:17 ami.c(196) 0 0 NULL NULL NULL NULL NULL -1
20111001-07:00:17 ami.c(196) 0 0 NULL NULL NULL NULL NULL -1
20111001-07:00:17 ami.c(196) 0 0 NULL NULL NULL NULL NULL -1
20111001-07:00:17 ami.c(196) 0 0 NULL NULL NULL NULL NULL -1
20111001-07:00:17 ami.c(196) 0 0 NULL NULL NULL NULL NULL -1
20111001-07:00:17 ami.c(196) 0 0 NULL NULL NULL NULL NULL -1
20111001-07:00:17 ami.c(196) 0 0 NULL NULL NULL NULL NULL -1
20111001-07:00:17 ami.c(196) 0 0 NULL NULL NULL NULL NULL -1
20111001-07:00:17 ami.c(196) 0 0 NULL NULL NULL NULL NULL -1
20111001-07:00:17 ami.c(196) 0 0 NULL NULL NULL NULL NULL -1
20111001-07:00:17 ami.c(196) 0 0 NULL NULL NULL NULL NULL -1
20111001-07:00:17 ami.c(196) 0 0 NULL NULL NULL NULL NULL -1
20111001-07:00:17 ami.c(196) 0 0 NULL NULL NULL NULL NULL -1
20111001-07:00:18 ami.c(593) shttpd started!
20111001-07:00:24 ami.c(520) numbytes : 126
20111001-07:08:28 ami.c(520) numbytes : 126
20111001-10:42:10 ami.c(510) reconnecting ami sockets
20111001-11:20:24 ami.c(196) 0 0 NULL NULL NULL NULL NULL -1
20111001-11:20:24 ami.c(196) 0 0 NULL NULL NULL NULL NULL -1
20111001-11:20:24 ami.c(196) 0 0 NULL NULL NULL NULL NULL -1
20111001-11:20:24 ami.c(196) 0 0 NULL NULL NULL NULL NULL -1
20111001-11:20:24 ami.c(196) 0 0 NULL NULL NULL NULL NULL -1
20111001-11:20:24 ami.c(196) 0 0 NULL NULL NULL NULL NULL -1
20111001-11:20:24 ami.c(196) 0 0 NULL NULL NULL NULL NULL -1
20111001-11:20:24 ami.c(196) 0 0 NULL NULL NULL NULL NULL -1
20111001-11:20:24 ami.c(196) 0 0 NULL NULL NULL NULL NULL -1
20111001-11:20:24 ami.c(196) 0 0 NULL NULL NULL NULL NULL -1
20111001-11:20:24 ami.c(196) 0 0 NULL NULL NULL NULL NULL -1
20111001-11:20:24 ami.c(196) 0 0 NULL NULL NULL NULL NULL -1
20111001-11:20:24 ami.c(196) 0 0 NULL NULL NULL NULL NULL -1
20111001-11:20:24 ami.c(196) 0 0 NULL NULL NULL NULL NULL -1
20111001-11:20:24 ami.c(196) 0 0 NULL NULL NULL NULL NULL -1
20111001-11:20:24 ami.c(196) 0 0 NULL NULL NULL NULL NULL -1
20111001-11:20:24 ami.c(196) 0 0 NULL NULL NULL NULL NULL -1
20111001-11:20:24 ami.c(196) 0 0 NULL NULL NULL NULL NULL -1
20111001-11:20:24 ami.c(196) 0 0 NULL NULL NULL NULL NULL -1
20111001-11:20:24 ami.c(196) 0 0 NULL NULL NULL NULL NULL -1
20111001-11:20:24 ami.c(196) 0 0 NULL NULL NULL NULL NULL -1
20111001-11:20:24 ami.c(196) 0 0 NULL NULL NULL NULL NULL -1
20111001-11:20:24 ami.c(196) 0 0 NULL NULL NULL NULL NULL -1
20111001-11:20:24 ami.c(196) 0 0 NULL NULL NULL NULL NULL -1
20111001-11:20:24 ami.c(196) 0 0 NULL NULL NULL NULL NULL -1
20111001-11:20:24 ami.c(196) 0 0 NULL NULL NULL NULL NULL -1
20111001-11:20:24 ami.c(196) 0 0 NULL NULL NULL NULL NULL -1
20111001-11:20:24 ami.c(196) 0 0 NULL NULL NULL NULL NULL -1
20111001-11:20:24 ami.c(196) 0 0 NULL NULL NULL NULL NULL -1
20111001-11:20:24 ami.c(196) 0 0 NULL NULL NULL NULL NULL -1
20111001-11:20:24 ami.c(196) 0 0 NULL NULL NULL NULL NULL -1
20111001-11:20:24 ami.c(196) 0 0 NULL NULL NULL NULL NULL -1
20111001-11:20:24 ami.c(196) 0 0 NULL NULL NULL NULL NULL -1
20111001-11:20:24 ami.c(196) 0 0 NULL NULL NULL NULL NULL -1
20111001-11:20:24 ami.c(196) 0 0 NULL NULL NULL NULL NULL -1
20111001-11:20:24 ami.c(196) 0 0 NULL NULL NULL NULL NULL -1
20111001-11:20:24 ami.c(196) 0 0 NULL NULL NULL NULL NULL -1
20111001-11:20:24 ami.c(196) 0 0 NULL NULL NULL NULL NULL -1
20111001-11:20:24 ami.c(196) 0 0 NULL NULL NULL NULL NULL -1
20111001-11:20:24 ami.c(196) 0 0 NULL NULL NULL NULL NULL -1
20111001-11:20:24 ami.c(196) 0 0 NULL NULL NULL NULL NULL -1
20111001-11:20:24 ami.c(196) 0 0 NULL NULL NULL NULL NULL -1
20111001-11:20:24 ami.c(196) 0 0 NULL NULL NULL NULL NULL -1
20111001-11:20:24 ami.c(196) 0 0 NULL NULL NULL NULL NULL -1
20111001-11:20:24 ami.c(196) 0 0 NULL NULL NULL NULL NULL -1
20111001-11:20:24 ami.c(196) 0 0 NULL NULL NULL NULL NULL -1
20111001-11:20:24 ami.c(196) 0 0 NULL NULL NULL NULL NULL -1
20111001-11:20:24 ami.c(196) 0 0 NULL NULL NULL NULL NULL -1
20111001-11:20:36 ami.c(593) shttpd started!
20111001-11:20:42 ami.c(196) 0 0 NULL NULL NULL NULL NULL -1
20111001-11:20:42 ami.c(196) 0 0 NULL NULL NULL NULL NULL -1
20111001-11:20:42 ami.c(196) 0 0 NULL NULL NULL NULL NULL -1
20111001-11:20:42 ami.c(196) 0 0 NULL NULL NULL NULL NULL -1
20111001-11:20:42 ami.c(196) 0 0 NULL NULL NULL NULL NULL -1
20111001-11:20:42 ami.c(196) 0 0 NULL NULL NULL NULL NULL -1
20111001-11:20:42 ami.c(196) 0 0 NULL NULL NULL NULL NULL -1
20111001-11:20:42 ami.c(196) 0 0 NULL NULL NULL NULL NULL -1
20111001-11:20:42 ami.c(196) 0 0 NULL NULL NULL NULL NULL -1
20111001-11:20:42 ami.c(196) 0 0 NULL NULL NULL NULL NULL -1
20111001-11:20:42 ami.c(196) 0 0 NULL NULL NULL NULL NULL -1
20111001-11:20:42 ami.c(196) 0 0 NULL NULL NULL NULL NULL -1
20111001-11:20:42 ami.c(196) 0 0 NULL NULL NULL NULL NULL -1
20111001-11:20:42 ami.c(196) 0 0 NULL NULL NULL NULL NULL -1
20111001-11:20:42 ami.c(196) 0 0 NULL NULL NULL NULL NULL -1
20111001-11:20:42 ami.c(196) 0 0 NULL NULL NULL NULL NULL -1
20111001-11:20:42 ami.c(196) 0 0 NULL NULL NULL NULL NULL -1
20111001-11:20:42 ami.c(196) 0 0 NULL NULL NULL NULL NULL -1
20111001-11:20:42 ami.c(196) 0 0 NULL NULL NULL NULL NULL -1
20111001-11:20:42 ami.c(196) 0 0 NULL NULL NULL NULL NULL -1
20111001-11:20:42 ami.c(196) 0 0 NULL NULL NULL NULL NULL -1
20111001-11:20:42 ami.c(196) 0 0 NULL NULL NULL NULL NULL -1
20111001-11:20:42 ami.c(196) 0 0 NULL NULL NULL NULL NULL -1
20111001-11:20:42 ami.c(196) 0 0 NULL NULL NULL NULL NULL -1
20111001-11:20:42 ami.c(196) 0 0 NULL NULL NULL NULL NULL -1
20111001-11:20:42 ami.c(196) 0 0 NULL NULL NULL NULL NULL -1
20111001-11:20:42 ami.c(196) 0 0 NULL NULL NULL NULL NULL -1
20111001-11:20:42 ami.c(196) 0 0 NULL NULL NULL NULL NULL -1
20111001-11:20:42 ami.c(196) 0 0 NULL NULL NULL NULL NULL -1
20111001-11:20:42 ami.c(196) 0 0 NULL NULL NULL NULL NULL -1
20111001-11:20:42 ami.c(196) 0 0 NULL NULL NULL NULL NULL -1
20111001-11:20:42 ami.c(196) 0 0 NULL NULL NULL NULL NULL -1
20111001-11:20:42 ami.c(196) 0 0 NULL NULL NULL NULL NULL -1
20111001-11:20:42 ami.c(196) 0 0 NULL NULL NULL NULL NULL -1
20111001-11:20:42 ami.c(196) 0 0 NULL NULL NULL NULL NULL -1
20111001-11:20:42 ami.c(196) 0 0 NULL NULL NULL NULL NULL -1
20111001-11:20:42 ami.c(196) 0 0 NULL NULL NULL NULL NULL -1
20111001-11:20:42 ami.c(196) 0 0 NULL NULL NULL NULL NULL -1
20111001-11:20:42 ami.c(196) 0 0 NULL NULL NULL NULL NULL -1
20111001-11:20:42 ami.c(196) 0 0 NULL NULL NULL NULL NULL -1
20111001-11:20:42 ami.c(196) 0 0 NULL NULL NULL NULL NULL -1
20111001-11:20:42 ami.c(196) 0 0 NULL NULL NULL NULL NULL -1
20111001-11:20:42 ami.c(196) 0 0 NULL NULL NULL NULL NULL -1
20111001-11:20:42 ami.c(196) 0 0 NULL NULL NULL NULL NULL -1
20111001-11:20:42 ami.c(196) 0 0 NULL NULL NULL NULL NULL -1
20111001-11:20:42 ami.c(196) 0 0 NULL NULL NULL NULL NULL -1
20111001-11:20:42 ami.c(196) 0 0 NULL NULL NULL NULL NULL -1
20111001-11:20:42 ami.c(196) 0 0 NULL NULL NULL NULL NULL -1
20121229-12:15:07 ami.c(641) shttpd started!
20121229-12:16:23 ami.c(254) 0 0 NULL NULL NULL NULL NULL -1
20121229-12:16:23 ami.c(254) 0 0 NULL NULL NULL NULL NULL -1
20121229-12:16:23 ami.c(254) 0 0 NULL NULL NULL NULL NULL -1
20121229-12:16:23 ami.c(254) 0 0 NULL NULL NULL NULL NULL -1
20121229-12:16:23 ami.c(254) 0 0 NULL NULL NULL NULL NULL -1
20121229-12:16:23 ami.c(254) 0 0 NULL NULL NULL NULL NULL -1
20121229-12:16:23 ami.c(254) 0 0 NULL NULL NULL NULL NULL -1
20121229-12:16:23 ami.c(254) 0 0 NULL NULL NULL NULL NULL -1
20121229-12:16:23 ami.c(254) 0 0 NULL NULL NULL NULL NULL -1
20121229-12:16:23 ami.c(254) 0 0 NULL NULL NULL NULL NULL -1
20121229-12:16:23 ami.c(254) 0 0 NULL NULL NULL NULL NULL -1
20121229-12:16:23 ami.c(254) 0 0 NULL NULL NULL NULL NULL -1
20121229-12:16:23 ami.c(254) 0 0 NULL NULL NULL NULL NULL -1
20121229-12:16:23 ami.c(254) 0 0 NULL NULL NULL NULL NULL -1
20121229-12:16:23 ami.c(254) 0 0 NULL NULL NULL NULL NULL -1
20121229-12:16:23 ami.c(254) 0 0 NULL NULL NULL NULL NULL -1
20121229-12:16:23 ami.c(254) 0 0 NULL NULL NULL NULL NULL -1
20121229-12:16:23 ami.c(254) 0 0 NULL NULL NULL NULL NULL -1
20121229-12:16:23 ami.c(254) 0 0 NULL NULL NULL NULL NULL -1
20121229-12:16:23 ami.c(254) 0 0 NULL NULL NULL NULL NULL -1
20121229-12:16:23 ami.c(254) 0 0 NULL NULL NULL NULL NULL -1
20121229-12:16:23 ami.c(254) 0 0 NULL NULL NULL NULL NULL -1
20121229-12:16:23 ami.c(254) 0 0 NULL NULL NULL NULL NULL -1
20121229-12:16:23 ami.c(254) 0 0 NULL NULL NULL NULL NULL -1
20121229-12:16:23 ami.c(254) 0 0 NULL NULL NULL NULL NULL -1
20121229-12:16:23 ami.c(254) 0 0 NULL NULL NULL NULL NULL -1
20121229-12:16:23 ami.c(254) 0 0 NULL NULL NULL NULL NULL -1
20121229-12:16:23 ami.c(254) 0 0 NULL NULL NULL NULL NULL -1
20121229-12:16:23 ami.c(254) 0 0 NULL NULL NULL NULL NULL -1
20121229-12:16:23 ami.c(254) 0 0 NULL NULL NULL NULL NULL -1
20121229-12:16:23 ami.c(254) 0 0 NULL NULL NULL NULL NULL -1
20121229-12:16:23 ami.c(254) 0 0 NULL NULL NULL NULL NULL -1
20121229-12:16:23 ami.c(254) 0 0 NULL NULL NULL NULL NULL -1
20121229-12:16:23 ami.c(254) 0 0 NULL NULL NULL NULL NULL -1
20121229-12:16:23 ami.c(254) 0 0 NULL NULL NULL NULL NULL -1
20121229-12:16:23 ami.c(254) 0 0 NULL NULL NULL NULL NULL -1
20121229-12:16:23 ami.c(254) 0 0 NULL NULL NULL NULL NULL -1
20121229-12:16:23 ami.c(254) 0 0 NULL NULL NULL NULL NULL -1
20121229-12:16:23 ami.c(254) 0 0 NULL NULL NULL NULL NULL -1
20121229-12:16:23 ami.c(254) 0 0 NULL NULL NULL NULL NULL -1
20121229-12:16:23 ami.c(254) 0 0 NULL NULL NULL NULL NULL -1
20121229-12:16:23 ami.c(254) 0 0 NULL NULL NULL NULL NULL -1
20121229-12:16:23 ami.c(254) 0 0 NULL NULL NULL NULL NULL -1
20121229-12:16:23 ami.c(254) 0 0 NULL NULL NULL NULL NULL -1
20121229-12:16:23 ami.c(254) 0 0 NULL NULL NULL NULL NULL -1
20121229-12:16:23 ami.c(254) 0 0 NULL NULL NULL NULL NULL -1
20121229-12:16:23 ami.c(254) 0 0 NULL NULL NULL NULL NULL -1
20121229-12:16:23 ami.c(254) 0 0 NULL NULL NULL NULL NULL -1
20121229-12:17:58 ami.c(641) shttpd started!
20121229-12:18:20 ami.c(254) 0 0 NULL NULL NULL NULL NULL -1
20121229-12:18:20 ami.c(254) 0 0 NULL NULL NULL NULL NULL -1
20121229-12:18:20 ami.c(254) 0 0 NULL NULL NULL NULL NULL -1
20121229-12:18:20 ami.c(254) 0 0 NULL NULL NULL NULL NULL -1
20121229-12:18:20 ami.c(254) 0 0 NULL NULL NULL NULL NULL -1
20121229-12:18:20 ami.c(254) 0 0 NULL NULL NULL NULL NULL -1
20121229-12:18:20 ami.c(254) 0 0 NULL NULL NULL NULL NULL -1
20121229-12:18:20 ami.c(254) 0 0 NULL NULL NULL NULL NULL -1
20121229-12:18:20 ami.c(254) 0 0 NULL NULL NULL NULL NULL -1
20121229-12:18:20 ami.c(254) 0 0 NULL NULL NULL NULL NULL -1
20121229-12:18:20 ami.c(254) 0 0 NULL NULL NULL NULL NULL -1
20121229-12:18:20 ami.c(254) 0 0 NULL NULL NULL NULL NULL -1
20121229-12:18:20 ami.c(254) 0 0 NULL NULL NULL NULL NULL -1
20121229-12:18:20 ami.c(254) 0 0 NULL NULL NULL NULL NULL -1
20121229-12:18:20 ami.c(254) 0 0 NULL NULL NULL NULL NULL -1
20121229-12:18:20 ami.c(254) 0 0 NULL NULL NULL NULL NULL -1
20121229-12:18:20 ami.c(254) 0 0 NULL NULL NULL NULL NULL -1
20121229-12:18:20 ami.c(254) 0 0 NULL NULL NULL NULL NULL -1
20121229-12:18:20 ami.c(254) 0 0 NULL NULL NULL NULL NULL -1
20121229-12:18:20 ami.c(254) 0 0 NULL NULL NULL NULL NULL -1
20121229-12:18:20 ami.c(254) 0 0 NULL NULL NULL NULL NULL -1
20121229-12:18:20 ami.c(254) 0 0 NULL NULL NULL NULL NULL -1
20121229-12:18:20 ami.c(254) 0 0 NULL NULL NULL NULL NULL -1
20121229-12:18:20 ami.c(254) 0 0 NULL NULL NULL NULL NULL -1
20121229-12:18:20 ami.c(254) 0 0 NULL NULL NULL NULL NULL -1
20121229-12:18:20 ami.c(254) 0 0 NULL NULL NULL NULL NULL -1
20121229-12:18:20 ami.c(254) 0 0 NULL NULL NULL NULL NULL -1
20121229-12:18:20 ami.c(254) 0 0 NULL NULL NULL NULL NULL -1
20121229-12:18:20 ami.c(254) 0 0 NULL NULL NULL NULL NULL -1
20121229-12:18:20 ami.c(254) 0 0 NULL NULL NULL NULL NULL -1
20121229-12:18:20 ami.c(254) 0 0 NULL NULL NULL NULL NULL -1
20121229-12:18:20 ami.c(254) 0 0 NULL NULL NULL NULL NULL -1
20121229-12:18:20 ami.c(254) 0 0 NULL NULL NULL NULL NULL -1
20121229-12:18:20 ami.c(254) 0 0 NULL NULL NULL NULL NULL -1
20121229-12:18:20 ami.c(254) 0 0 NULL NULL NULL NULL NULL -1
20121229-12:18:20 ami.c(254) 0 0 NULL NULL NULL NULL NULL -1
20121229-12:18:20 ami.c(254) 0 0 NULL NULL NULL NULL NULL -1
20121229-12:18:20 ami.c(254) 0 0 NULL NULL NULL NULL NULL -1
20121229-12:18:20 ami.c(254) 0 0 NULL NULL NULL NULL NULL -1
20121229-12:18:20 ami.c(254) 0 0 NULL NULL NULL NULL NULL -1
20121229-12:18:20 ami.c(254) 0 0 NULL NULL NULL NULL NULL -1
20121229-12:18:20 ami.c(254) 0 0 NULL NULL NULL NULL NULL -1
20121229-12:18:20 ami.c(254) 0 0 NULL NULL NULL NULL NULL -1
20121229-12:18:20 ami.c(254) 0 0 NULL NULL NULL NULL NULL -1
20121229-12:18:20 ami.c(254) 0 0 NULL NULL NULL NULL NULL -1
20121229-12:18:20 ami.c(254) 0 0 NULL NULL NULL NULL NULL -1
20121229-12:18:20 ami.c(254) 0 0 NULL NULL NULL NULL NULL -1
20121229-12:18:20 ami.c(254) 0 0 NULL NULL NULL NULL NULL -1
20121229-12:19:29 ami.c(641) shttpd started!
20121229-12:23:40 ami.c(254) 0 0 NULL NULL NULL NULL NULL -1
20121229-12:23:40 ami.c(254) 0 0 NULL NULL NULL NULL NULL -1
20121229-12:23:40 ami.c(254) 0 0 NULL NULL NULL NULL NULL -1
20121229-12:23:40 ami.c(254) 0 0 NULL NULL NULL NULL NULL -1
20121229-12:23:40 ami.c(254) 0 0 NULL NULL NULL NULL NULL -1
20121229-12:23:40 ami.c(254) 0 0 NULL NULL NULL NULL NULL -1
20121229-12:23:40 ami.c(254) 0 0 NULL NULL NULL NULL NULL -1
20121229-12:23:40 ami.c(254) 0 0 NULL NULL NULL NULL NULL -1
20121229-12:23:40 ami.c(254) 0 0 NULL NULL NULL NULL NULL -1
20121229-12:23:40 ami.c(254) 0 0 NULL NULL NULL NULL NULL -1
20121229-12:23:40 ami.c(254) 0 0 NULL NULL NULL NULL NULL -1
20121229-12:23:40 ami.c(254) 0 0 NULL NULL NULL NULL NULL -1
20121229-12:23:40 ami.c(254) 0 0 NULL NULL NULL NULL NULL -1
20121229-12:23:40 ami.c(254) 0 0 NULL NULL NULL NULL NULL -1
20121229-12:23:40 ami.c(254) 0 0 NULL NULL NULL NULL NULL -1
20121229-12:23:40 ami.c(254) 0 0 NULL NULL NULL NULL NULL -1
20121229-12:23:40 ami.c(254) 0 0 NULL NULL NULL NULL NULL -1
20121229-12:23:40 ami.c(254) 0 0 NULL NULL NULL NULL NULL -1
20121229-12:23:40 ami.c(254) 0 0 NULL NULL NULL NULL NULL -1
20121229-12:23:40 ami.c(254) 0 0 NULL NULL NULL NULL NULL -1
20121229-12:23:40 ami.c(254) 0 0 NULL NULL NULL NULL NULL -1
20121229-12:23:40 ami.c(254) 0 0 NULL NULL NULL NULL NULL -1
20121229-12:23:40 ami.c(254) 0 0 NULL NULL NULL NULL NULL -1
20121229-12:23:40 ami.c(254) 0 0 NULL NULL NULL NULL NULL -1
20121229-12:23:40 ami.c(254) 0 0 NULL NULL NULL NULL NULL -1
20121229-12:23:40 ami.c(254) 0 0 NULL NULL NULL NULL NULL -1
20121229-12:23:40 ami.c(254) 0 0 NULL NULL NULL NULL NULL -1
20121229-12:23:40 ami.c(254) 0 0 NULL NULL NULL NULL NULL -1
20121229-12:23:40 ami.c(254) 0 0 NULL NULL NULL NULL NULL -1
20121229-12:23:40 ami.c(254) 0 0 NULL NULL NULL NULL NULL -1
20121229-12:23:40 ami.c(254) 0 0 NULL NULL NULL NULL NULL -1
20121229-12:23:40 ami.c(254) 0 0 NULL NULL NULL NULL NULL -1
20121229-12:23:40 ami.c(254) 0 0 NULL NULL NULL NULL NULL -1
20121229-12:23:40 ami.c(254) 0 0 NULL NULL NULL NULL NULL -1
20121229-12:23:40 ami.c(254) 0 0 NULL NULL NULL NULL NULL -1
20121229-12:23:40 ami.c(254) 0 0 NULL NULL NULL NULL NULL -1
20121229-12:23:40 ami.c(254) 0 0 NULL NULL NULL NULL NULL -1
20121229-12:23:40 ami.c(254) 0 0 NULL NULL NULL NULL NULL -1
20121229-12:23:40 ami.c(254) 0 0 NULL NULL NULL NULL NULL -1
20121229-12:23:40 ami.c(254) 0 0 NULL NULL NULL NULL NULL -1
20121229-12:23:40 ami.c(254) 0 0 NULL NULL NULL NULL NULL -1
20121229-12:23:40 ami.c(254) 0 0 NULL NULL NULL NULL NULL -1
20121229-12:23:40 ami.c(254) 0 0 NULL NULL NULL NULL NULL -1
20121229-12:23:40 ami.c(254) 0 0 NULL NULL NULL NULL NULL -1
20121229-12:23:40 ami.c(254) 0 0 NULL NULL NULL NULL NULL -1
20121229-12:23:40 ami.c(254) 0 0 NULL NULL NULL NULL NULL -1
20121229-12:23:40 ami.c(254) 0 0 NULL NULL NULL NULL NULL -1
20121229-12:23:40 ami.c(254) 0 0 NULL NULL NULL NULL NULL -1
20121229-12:24:57 ami.c(641) shttpd started!
20121229-12:25:25 ami.c(254) 0 0 NULL NULL NULL NULL NULL -1
20121229-12:25:25 ami.c(254) 0 0 NULL NULL NULL NULL NULL -1
20121229-12:25:25 ami.c(254) 0 0 NULL NULL NULL NULL NULL -1
20121229-12:25:25 ami.c(254) 0 0 NULL NULL NULL NULL NULL -1
20121229-12:25:25 ami.c(254) 0 0 NULL NULL NULL NULL NULL -1
20121229-12:25:25 ami.c(254) 0 0 NULL NULL NULL NULL NULL -1
20121229-12:25:25 ami.c(254) 0 0 NULL NULL NULL NULL NULL -1
20121229-12:25:25 ami.c(254) 0 0 NULL NULL NULL NULL NULL -1
20121229-12:25:25 ami.c(254) 0 0 NULL NULL NULL NULL NULL -1
20121229-12:25:25 ami.c(254) 0 0 NULL NULL NULL NULL NULL -1
20121229-12:25:25 ami.c(254) 0 0 NULL NULL NULL NULL NULL -1
20121229-12:25:25 ami.c(254) 0 0 NULL NULL NULL NULL NULL -1
20121229-12:25:25 ami.c(254) 0 0 NULL NULL NULL NULL NULL -1
20121229-12:25:25 ami.c(254) 0 0 NULL NULL NULL NULL NULL -1
20121229-12:25:25 ami.c(254) 0 0 NULL NULL NULL NULL NULL -1
20121229-12:25:25 ami.c(254) 0 0 NULL NULL NULL NULL NULL -1
20121229-12:25:25 ami.c(254) 0 0 NULL NULL NULL NULL NULL -1
20121229-12:25:25 ami.c(254) 0 0 NULL NULL NULL NULL NULL -1
20121229-12:25:25 ami.c(254) 0 0 NULL NULL NULL NULL NULL -1
20121229-12:25:25 ami.c(254) 0 0 NULL NULL NULL NULL NULL -1
20121229-12:25:25 ami.c(254) 0 0 NULL NULL NULL NULL NULL -1
20121229-12:25:25 ami.c(254) 0 0 NULL NULL NULL NULL NULL -1
20121229-12:25:25 ami.c(254) 0 0 NULL NULL NULL NULL NULL -1
20121229-12:25:25 ami.c(254) 0 0 NULL NULL NULL NULL NULL -1
20121229-12:25:25 ami.c(254) 0 0 NULL NULL NULL NULL NULL -1
20121229-12:25:25 ami.c(254) 0 0 NULL NULL NULL NULL NULL -1
20121229-12:25:25 ami.c(254) 0 0 NULL NULL NULL NULL NULL -1
20121229-12:25:25 ami.c(254) 0 0 NULL NULL NULL NULL NULL -1
20121229-12:25:25 ami.c(254) 0 0 NULL NULL NULL NULL NULL -1
20121229-12:25:25 ami.c(254) 0 0 NULL NULL NULL NULL NULL -1
20121229-12:25:25 ami.c(254) 0 0 NULL NULL NULL NULL NULL -1
20121229-12:25:25 ami.c(254) 0 0 NULL NULL NULL NULL NULL -1
20121229-12:25:25 ami.c(254) 0 0 NULL NULL NULL NULL NULL -1
20121229-12:25:25 ami.c(254) 0 0 NULL NULL NULL NULL NULL -1
20121229-12:25:25 ami.c(254) 0 0 NULL NULL NULL NULL NULL -1
20121229-12:25:25 ami.c(254) 0 0 NULL NULL NULL NULL NULL -1
20121229-12:25:25 ami.c(254) 0 0 NULL NULL NULL NULL NULL -1
20121229-12:25:25 ami.c(254) 0 0 NULL NULL NULL NULL NULL -1
20121229-12:25:25 ami.c(254) 0 0 NULL NULL NULL NULL NULL -1
20121229-12:25:25 ami.c(254) 0 0 NULL NULL NULL NULL NULL -1
20121229-12:25:25 ami.c(254) 0 0 NULL NULL NULL NULL NULL -1
20121229-12:25:25 ami.c(254) 0 0 NULL NULL NULL NULL NULL -1
20121229-12:25:25 ami.c(254) 0 0 NULL NULL NULL NULL NULL -1
20121229-12:25:25 ami.c(254) 0 0 NULL NULL NULL NULL NULL -1
20121229-12:25:25 ami.c(254) 0 0 NULL NULL NULL NULL NULL -1
20121229-12:25:25 ami.c(254) 0 0 NULL NULL NULL NULL NULL -1
20121229-12:25:25 ami.c(254) 0 0 NULL NULL NULL NULL NULL -1
20121229-12:25:25 ami.c(254) 0 0 NULL NULL NULL NULL NULL -1
20121229-12:25:57 ami.c(641) shttpd started!
20121229-12:33:51 ami.c(254) 0 0 NULL NULL NULL NULL NULL -1
20121229-12:33:51 ami.c(254) 0 0 NULL NULL NULL NULL NULL -1
20121229-12:33:51 ami.c(254) 0 0 NULL NULL NULL NULL NULL -1
20121229-12:33:51 ami.c(254) 0 0 NULL NULL NULL NULL NULL -1
20121229-12:33:51 ami.c(254) 0 0 NULL NULL NULL NULL NULL -1
20121229-12:33:51 ami.c(254) 0 0 NULL NULL NULL NULL NULL -1
20121229-12:33:51 ami.c(254) 0 0 NULL NULL NULL NULL NULL -1
20121229-12:33:51 ami.c(254) 0 0 NULL NULL NULL NULL NULL -1
20121229-12:33:51 ami.c(254) 0 0 NULL NULL NULL NULL NULL -1
20121229-12:33:51 ami.c(254) 0 0 NULL NULL NULL NULL NULL -1
20121229-12:33:51 ami.c(254) 0 0 NULL NULL NULL NULL NULL -1
20121229-12:33:51 ami.c(254) 0 0 NULL NULL NULL NULL NULL -1
20121229-12:33:51 ami.c(254) 0 0 NULL NULL NULL NULL NULL -1
20121229-12:33:51 ami.c(254) 0 0 NULL NULL NULL NULL NULL -1
20121229-12:33:51 ami.c(254) 0 0 NULL NULL NULL NULL NULL -1
20121229-12:33:51 ami.c(254) 0 0 NULL NULL NULL NULL NULL -1
20121229-12:33:51 ami.c(254) 0 0 NULL NULL NULL NULL NULL -1
20121229-12:33:51 ami.c(254) 0 0 NULL NULL NULL NULL NULL -1
20121229-12:33:51 ami.c(254) 0 0 NULL NULL NULL NULL NULL -1
20121229-12:33:51 ami.c(254) 0 0 NULL NULL NULL NULL NULL -1
20121229-12:33:51 ami.c(254) 0 0 NULL NULL NULL NULL NULL -1
20121229-12:33:51 ami.c(254) 0 0 NULL NULL NULL NULL NULL -1
20121229-12:33:51 ami.c(254) 0 0 NULL NULL NULL NULL NULL -1
20121229-12:33:51 ami.c(254) 0 0 NULL NULL NULL NULL NULL -1
20121229-12:33:51 ami.c(254) 0 0 NULL NULL NULL NULL NULL -1
20121229-12:33:51 ami.c(254) 0 0 NULL NULL NULL NULL NULL -1
20121229-12:33:51 ami.c(254) 0 0 NULL NULL NULL NULL NULL -1
20121229-12:33:51 ami.c(254) 0 0 NULL NULL NULL NULL NULL -1
20121229-12:33:51 ami.c(254) 0 0 NULL NULL NULL NULL NULL -1
20121229-12:33:51 ami.c(254) 0 0 NULL NULL NULL NULL NULL -1
20121229-12:33:51 ami.c(254) 0 0 NULL NULL NULL NULL NULL -1
20121229-12:33:51 ami.c(254) 0 0 NULL NULL NULL NULL NULL -1
20121229-12:33:51 ami.c(254) 0 0 NULL NULL NULL NULL NULL -1
20121229-12:33:51 ami.c(254) 0 0 NULL NULL NULL NULL NULL -1
20121229-12:33:51 ami.c(254) 0 0 NULL NULL NULL NULL NULL -1
20121229-12:33:51 ami.c(254) 0 0 NULL NULL NULL NULL NULL -1
20121229-12:33:51 ami.c(254) 0 0 NULL NULL NULL NULL NULL -1
20121229-12:33:51 ami.c(254) 0 0 NULL NULL NULL NULL NULL -1
20121229-12:33:51 ami.c(254) 0 0 NULL NULL NULL NULL NULL -1
20121229-12:33:51 ami.c(254) 0 0 NULL NULL NULL NULL NULL -1
20121229-12:33:51 ami.c(254) 0 0 NULL NULL NULL NULL NULL -1
20121229-12:33:51 ami.c(254) 0 0 NULL NULL NULL NULL NULL -1
20121229-12:33:51 ami.c(254) 0 0 NULL NULL NULL NULL NULL -1
20121229-12:33:51 ami.c(254) 0 0 NULL NULL NULL NULL NULL -1
20121229-12:33:51 ami.c(254) 0 0 NULL NULL NULL NULL NULL -1
20121229-12:33:51 ami.c(254) 0 0 NULL NULL NULL NULL NULL -1
20121229-12:33:51 ami.c(254) 0 0 NULL NULL NULL NULL NULL -1
20121229-12:33:51 ami.c(254) 0 0 NULL NULL NULL NULL NULL -1
